#
# There is insufficient memory for the Java Runtime Environment to continue.
# Native memory allocation (malloc) failed to allocate 32744 bytes for ChunkPool::allocate
# Possible reasons:
#   The system is out of physical RAM or swap space
#   The process is running with CompressedOops enabled, and the Java Heap may be blocking the growth of the native heap
# Possible solutions:
#   Reduce memory load on the system
#   Increase physical memory or swap space
#   Check if swap backing store is full
#   Decrease Java heap size (-Xmx/-Xms)
#   Decrease number of Java threads
#   Decrease Java thread stack sizes (-Xss)
#   Set larger code cache with -XX:ReservedCodeCacheSize=
#   JVM is running with Unscaled Compressed Oops mode in which the Java heap is
#     placed in the first 4GB address space. The Java Heap base address is the
#     maximum limit for the native heap growth. Please use -XX:HeapBaseMinAddress
#     to set the Java Heap base and to place the Java Heap above 4GB virtual address.
# This output file may be truncated or incomplete.
#
#  Out of Memory Error (arena.cpp:78), pid=10800, tid=12936
#
# JRE version: OpenJDK Runtime Environment (17.0+35) (build 17+35-2724)
# Java VM: OpenJDK 64-Bit Server VM (17+35-2724, mixed mode, sharing, tiered, compressed oops, compressed class ptrs, g1 gc, windows-amd64)
# No core dump will be written. Minidumps are not enabled by default on client versions of Windows
#

---------------  S U M M A R Y ------------

Command Line: -javaagent:C:\Program Files (x86)\JetBrains\IntelliJ IDEA Community Edition 2024.1.2\lib\idea_rt.jar=58684:C:\Program Files (x86)\JetBrains\IntelliJ IDEA Community Edition 2024.1.2\bin -Dfile.encoding=UTF-8 com.jimsimrodev.librosAPI.LibrosApiApplication

Host: Intel(R) Pentium(R) CPU 6405U @ 2.40GHz, 4 cores, 7G,  Windows 10 , 64 bit Build 22621 (10.0.22621.3672)
Time: Mon Jul  1 20:37:43 2024 Hora est. Pacífico, Sudamérica elapsed time: 0.783365 seconds (0d 0h 0m 0s)

---------------  T H R E A D  ---------------

Current thread (0x00000141e581ed70):  JavaThread "C1 CompilerThread0" daemon [_thread_in_native, id=12936, stack(0x00000003c3800000,0x00000003c3900000)]


Current CompileTask:
C1:    783  483       3       java.net.URLStreamHandler::parseURL (1201 bytes)

Stack: [0x00000003c3800000,0x00000003c3900000]
Native frames: (J=compiled Java code, j=interpreted, Vv=VM code, C=native code)
V  [jvm.dll+0x66f8ea]
V  [jvm.dll+0x7ce224]
V  [jvm.dll+0x7cf9ce]
V  [jvm.dll+0x7d0033]
V  [jvm.dll+0x242bb5]
V  [jvm.dll+0xaa2a0]
V  [jvm.dll+0xaa5ec]
V  [jvm.dll+0x11a145]
V  [jvm.dll+0x177ab4]
V  [jvm.dll+0x178093]
V  [jvm.dll+0x1323c3]
V  [jvm.dll+0x131cbf]
V  [jvm.dll+0x131ef6]
V  [jvm.dll+0x13138a]
V  [jvm.dll+0x133051]
V  [jvm.dll+0x2248f8]
V  [jvm.dll+0x222a5c]
V  [jvm.dll+0x78422b]
V  [jvm.dll+0x77e7ea]
V  [jvm.dll+0x66e715]
C  [ucrtbase.dll+0x29333]
C  [KERNEL32.DLL+0x1257d]
C  [ntdll.dll+0x5af28]


---------------  P R O C E S S  ---------------

Threads class SMR info:
_java_thread_list=0x00000141e66f6350, length=13, elements={
0x00000141c812a2a0, 0x00000141e5801450, 0x00000141e58032d0, 0x00000141e5817210,
0x00000141e5817cd0, 0x00000141e5819690, 0x00000141e581a040, 0x00000141e581e2d0,
0x00000141e581ed70, 0x00000141e583b270, 0x00000141e57e8350, 0x00000141e65d7b30,
0x00000141e663a540
}

Java Threads: ( => current thread )
  0x00000141c812a2a0 JavaThread "main" [_thread_in_Java, id=12480, stack(0x00000003c2900000,0x00000003c2a00000)]
  0x00000141e5801450 JavaThread "Reference Handler" daemon [_thread_blocked, id=7104, stack(0x00000003c3000000,0x00000003c3100000)]
  0x00000141e58032d0 JavaThread "Finalizer" daemon [_thread_blocked, id=8536, stack(0x00000003c3100000,0x00000003c3200000)]
  0x00000141e5817210 JavaThread "Signal Dispatcher" daemon [_thread_blocked, id=1880, stack(0x00000003c3300000,0x00000003c3400000)]
  0x00000141e5817cd0 JavaThread "Attach Listener" daemon [_thread_blocked, id=4980, stack(0x00000003c3400000,0x00000003c3500000)]
  0x00000141e5819690 JavaThread "Service Thread" daemon [_thread_blocked, id=9116, stack(0x00000003c3500000,0x00000003c3600000)]
  0x00000141e581a040 JavaThread "Monitor Deflation Thread" daemon [_thread_blocked, id=11952, stack(0x00000003c3600000,0x00000003c3700000)]
  0x00000141e581e2d0 JavaThread "C2 CompilerThread0" daemon [_thread_in_native, id=5996, stack(0x00000003c3700000,0x00000003c3800000)]
=>0x00000141e581ed70 JavaThread "C1 CompilerThread0" daemon [_thread_in_native, id=12936, stack(0x00000003c3800000,0x00000003c3900000)]
  0x00000141e583b270 JavaThread "Sweeper thread" daemon [_thread_blocked, id=4736, stack(0x00000003c3900000,0x00000003c3a00000)]
  0x00000141e57e8350 JavaThread "Common-Cleaner" daemon [_thread_blocked, id=9708, stack(0x00000003c3a00000,0x00000003c3b00000)]
  0x00000141e65d7b30 JavaThread "Monitor Ctrl-Break" daemon [_thread_in_native, id=1660, stack(0x00000003c3b00000,0x00000003c3c00000)]
  0x00000141e663a540 JavaThread "Notification Thread" daemon [_thread_blocked, id=12460, stack(0x00000003c3c00000,0x00000003c3d00000)]

Other Threads:
  0x00000141e57f9450 VMThread "VM Thread" [stack: 0x00000003c2f00000,0x00000003c3000000] [id=11588]
  0x00000141c8181e60 WatcherThread [stack: 0x00000003c3d00000,0x00000003c3e00000] [id=13808]
  0x00000141c8166090 GCTaskThread "GC Thread#0" [stack: 0x00000003c2a00000,0x00000003c2b00000] [id=7172]
  0x00000141c8178a70 ConcurrentGCThread "G1 Main Marker" [stack: 0x00000003c2b00000,0x00000003c2c00000] [id=12500]
  0x00000141c8179c20 ConcurrentGCThread "G1 Conc#0" [stack: 0x00000003c2c00000,0x00000003c2d00000] [id=11316]
  0x00000141e56c0090 ConcurrentGCThread "G1 Refine#0" [stack: 0x00000003c2d00000,0x00000003c2e00000] [id=1616]
  0x00000141e56c1ac0 ConcurrentGCThread "G1 Service" [stack: 0x00000003c2e00000,0x00000003c2f00000] [id=11628]

Threads with active compile tasks:
C2 CompilerThread0      823  527       4       jdk.internal.org.objectweb.asm.SymbolTable::get (13 bytes)
C1 CompilerThread0      823  483       3       java.net.URLStreamHandler::parseURL (1201 bytes)

VM state: not at safepoint (normal execution)

VM Mutex/Monitor currently owned by a thread: None

Heap address: 0x0000000082c00000, size: 2004 MB, Compressed Oops mode: 32-bit

CDS archive(s) mapped at: [0x0000000800000000-0x0000000800bc0000-0x0000000800bc0000), size 12320768, SharedBaseAddress: 0x0000000800000000, ArchiveRelocationMode: 0.
Compressed class space mapped at: 0x0000000800c00000-0x0000000840c00000, reserved size: 1073741824
Narrow klass base: 0x0000000800000000, Narrow klass shift: 0, Narrow klass range: 0x100000000

GC Precious Log:
 CPUs: 4 total, 4 available
 Memory: 8015M
 Large Page Support: Disabled
 NUMA Support: Disabled
 Compressed Oops: Enabled (32-bit)
 Heap Region Size: 1M
 Heap Min Capacity: 8M
 Heap Initial Capacity: 126M
 Heap Max Capacity: 2004M
 Pre-touch: Disabled
 Parallel Workers: 4
 Concurrent Workers: 1
 Concurrent Refinement Workers: 4
 Periodic GC: Disabled

Heap:
 garbage-first heap   total 129024K, used 9216K [0x0000000082c00000, 0x0000000100000000)
  region size 1024K, 10 young (10240K), 0 survivors (0K)
 Metaspace       used 2164K, committed 2304K, reserved 1056768K
  class space    used 195K, committed 256K, reserved 1048576K

Heap Regions: E=young(eden), S=young(survivor), O=old, HS=humongous(starts), HC=humongous(continues), CS=collection set, F=free, OA=open archive, CA=closed archive, TAMS=top-at-mark-start (previous, next)
|   0|0x0000000082c00000, 0x0000000082d00000, 0x0000000082d00000|100%|HS|  |TAMS 0x0000000082c00000, 0x0000000082c00000| Complete 
|   1|0x0000000082d00000, 0x0000000082d00000, 0x0000000082e00000|  0%| F|  |TAMS 0x0000000082d00000, 0x0000000082d00000| Untracked 
|   2|0x0000000082e00000, 0x0000000082e00000, 0x0000000082f00000|  0%| F|  |TAMS 0x0000000082e00000, 0x0000000082e00000| Untracked 
|   3|0x0000000082f00000, 0x0000000082f00000, 0x0000000083000000|  0%| F|  |TAMS 0x0000000082f00000, 0x0000000082f00000| Untracked 
|   4|0x0000000083000000, 0x0000000083000000, 0x0000000083100000|  0%| F|  |TAMS 0x0000000083000000, 0x0000000083000000| Untracked 
|   5|0x0000000083100000, 0x0000000083100000, 0x0000000083200000|  0%| F|  |TAMS 0x0000000083100000, 0x0000000083100000| Untracked 
|   6|0x0000000083200000, 0x0000000083200000, 0x0000000083300000|  0%| F|  |TAMS 0x0000000083200000, 0x0000000083200000| Untracked 
|   7|0x0000000083300000, 0x0000000083300000, 0x0000000083400000|  0%| F|  |TAMS 0x0000000083300000, 0x0000000083300000| Untracked 
|   8|0x0000000083400000, 0x0000000083400000, 0x0000000083500000|  0%| F|  |TAMS 0x0000000083400000, 0x0000000083400000| Untracked 
|   9|0x0000000083500000, 0x0000000083500000, 0x0000000083600000|  0%| F|  |TAMS 0x0000000083500000, 0x0000000083500000| Untracked 
|  10|0x0000000083600000, 0x0000000083600000, 0x0000000083700000|  0%| F|  |TAMS 0x0000000083600000, 0x0000000083600000| Untracked 
|  11|0x0000000083700000, 0x0000000083700000, 0x0000000083800000|  0%| F|  |TAMS 0x0000000083700000, 0x0000000083700000| Untracked 
|  12|0x0000000083800000, 0x0000000083800000, 0x0000000083900000|  0%| F|  |TAMS 0x0000000083800000, 0x0000000083800000| Untracked 
|  13|0x0000000083900000, 0x0000000083900000, 0x0000000083a00000|  0%| F|  |TAMS 0x0000000083900000, 0x0000000083900000| Untracked 
|  14|0x0000000083a00000, 0x0000000083a00000, 0x0000000083b00000|  0%| F|  |TAMS 0x0000000083a00000, 0x0000000083a00000| Untracked 
|  15|0x0000000083b00000, 0x0000000083b00000, 0x0000000083c00000|  0%| F|  |TAMS 0x0000000083b00000, 0x0000000083b00000| Untracked 
|  16|0x0000000083c00000, 0x0000000083c00000, 0x0000000083d00000|  0%| F|  |TAMS 0x0000000083c00000, 0x0000000083c00000| Untracked 
|  17|0x0000000083d00000, 0x0000000083d00000, 0x0000000083e00000|  0%| F|  |TAMS 0x0000000083d00000, 0x0000000083d00000| Untracked 
|  18|0x0000000083e00000, 0x0000000083e00000, 0x0000000083f00000|  0%| F|  |TAMS 0x0000000083e00000, 0x0000000083e00000| Untracked 
|  19|0x0000000083f00000, 0x0000000083f00000, 0x0000000084000000|  0%| F|  |TAMS 0x0000000083f00000, 0x0000000083f00000| Untracked 
|  20|0x0000000084000000, 0x0000000084000000, 0x0000000084100000|  0%| F|  |TAMS 0x0000000084000000, 0x0000000084000000| Untracked 
|  21|0x0000000084100000, 0x0000000084100000, 0x0000000084200000|  0%| F|  |TAMS 0x0000000084100000, 0x0000000084100000| Untracked 
|  22|0x0000000084200000, 0x0000000084200000, 0x0000000084300000|  0%| F|  |TAMS 0x0000000084200000, 0x0000000084200000| Untracked 
|  23|0x0000000084300000, 0x0000000084300000, 0x0000000084400000|  0%| F|  |TAMS 0x0000000084300000, 0x0000000084300000| Untracked 
|  24|0x0000000084400000, 0x0000000084400000, 0x0000000084500000|  0%| F|  |TAMS 0x0000000084400000, 0x0000000084400000| Untracked 
|  25|0x0000000084500000, 0x0000000084500000, 0x0000000084600000|  0%| F|  |TAMS 0x0000000084500000, 0x0000000084500000| Untracked 
|  26|0x0000000084600000, 0x0000000084600000, 0x0000000084700000|  0%| F|  |TAMS 0x0000000084600000, 0x0000000084600000| Untracked 
|  27|0x0000000084700000, 0x0000000084700000, 0x0000000084800000|  0%| F|  |TAMS 0x0000000084700000, 0x0000000084700000| Untracked 
|  28|0x0000000084800000, 0x0000000084800000, 0x0000000084900000|  0%| F|  |TAMS 0x0000000084800000, 0x0000000084800000| Untracked 
|  29|0x0000000084900000, 0x0000000084900000, 0x0000000084a00000|  0%| F|  |TAMS 0x0000000084900000, 0x0000000084900000| Untracked 
|  30|0x0000000084a00000, 0x0000000084a00000, 0x0000000084b00000|  0%| F|  |TAMS 0x0000000084a00000, 0x0000000084a00000| Untracked 
|  31|0x0000000084b00000, 0x0000000084b00000, 0x0000000084c00000|  0%| F|  |TAMS 0x0000000084b00000, 0x0000000084b00000| Untracked 
|  32|0x0000000084c00000, 0x0000000084c00000, 0x0000000084d00000|  0%| F|  |TAMS 0x0000000084c00000, 0x0000000084c00000| Untracked 
|  33|0x0000000084d00000, 0x0000000084d00000, 0x0000000084e00000|  0%| F|  |TAMS 0x0000000084d00000, 0x0000000084d00000| Untracked 
|  34|0x0000000084e00000, 0x0000000084e00000, 0x0000000084f00000|  0%| F|  |TAMS 0x0000000084e00000, 0x0000000084e00000| Untracked 
|  35|0x0000000084f00000, 0x0000000084f00000, 0x0000000085000000|  0%| F|  |TAMS 0x0000000084f00000, 0x0000000084f00000| Untracked 
|  36|0x0000000085000000, 0x0000000085000000, 0x0000000085100000|  0%| F|  |TAMS 0x0000000085000000, 0x0000000085000000| Untracked 
|  37|0x0000000085100000, 0x0000000085100000, 0x0000000085200000|  0%| F|  |TAMS 0x0000000085100000, 0x0000000085100000| Untracked 
|  38|0x0000000085200000, 0x0000000085200000, 0x0000000085300000|  0%| F|  |TAMS 0x0000000085200000, 0x0000000085200000| Untracked 
|  39|0x0000000085300000, 0x0000000085300000, 0x0000000085400000|  0%| F|  |TAMS 0x0000000085300000, 0x0000000085300000| Untracked 
|  40|0x0000000085400000, 0x0000000085400000, 0x0000000085500000|  0%| F|  |TAMS 0x0000000085400000, 0x0000000085400000| Untracked 
|  41|0x0000000085500000, 0x0000000085500000, 0x0000000085600000|  0%| F|  |TAMS 0x0000000085500000, 0x0000000085500000| Untracked 
|  42|0x0000000085600000, 0x0000000085600000, 0x0000000085700000|  0%| F|  |TAMS 0x0000000085600000, 0x0000000085600000| Untracked 
|  43|0x0000000085700000, 0x0000000085700000, 0x0000000085800000|  0%| F|  |TAMS 0x0000000085700000, 0x0000000085700000| Untracked 
|  44|0x0000000085800000, 0x0000000085800000, 0x0000000085900000|  0%| F|  |TAMS 0x0000000085800000, 0x0000000085800000| Untracked 
|  45|0x0000000085900000, 0x0000000085900000, 0x0000000085a00000|  0%| F|  |TAMS 0x0000000085900000, 0x0000000085900000| Untracked 
|  46|0x0000000085a00000, 0x0000000085a00000, 0x0000000085b00000|  0%| F|  |TAMS 0x0000000085a00000, 0x0000000085a00000| Untracked 
|  47|0x0000000085b00000, 0x0000000085b00000, 0x0000000085c00000|  0%| F|  |TAMS 0x0000000085b00000, 0x0000000085b00000| Untracked 
|  48|0x0000000085c00000, 0x0000000085c00000, 0x0000000085d00000|  0%| F|  |TAMS 0x0000000085c00000, 0x0000000085c00000| Untracked 
|  49|0x0000000085d00000, 0x0000000085d00000, 0x0000000085e00000|  0%| F|  |TAMS 0x0000000085d00000, 0x0000000085d00000| Untracked 
|  50|0x0000000085e00000, 0x0000000085e00000, 0x0000000085f00000|  0%| F|  |TAMS 0x0000000085e00000, 0x0000000085e00000| Untracked 
|  51|0x0000000085f00000, 0x0000000085f00000, 0x0000000086000000|  0%| F|  |TAMS 0x0000000085f00000, 0x0000000085f00000| Untracked 
|  52|0x0000000086000000, 0x0000000086000000, 0x0000000086100000|  0%| F|  |TAMS 0x0000000086000000, 0x0000000086000000| Untracked 
|  53|0x0000000086100000, 0x0000000086100000, 0x0000000086200000|  0%| F|  |TAMS 0x0000000086100000, 0x0000000086100000| Untracked 
|  54|0x0000000086200000, 0x0000000086200000, 0x0000000086300000|  0%| F|  |TAMS 0x0000000086200000, 0x0000000086200000| Untracked 
|  55|0x0000000086300000, 0x0000000086300000, 0x0000000086400000|  0%| F|  |TAMS 0x0000000086300000, 0x0000000086300000| Untracked 
|  56|0x0000000086400000, 0x0000000086400000, 0x0000000086500000|  0%| F|  |TAMS 0x0000000086400000, 0x0000000086400000| Untracked 
|  57|0x0000000086500000, 0x0000000086500000, 0x0000000086600000|  0%| F|  |TAMS 0x0000000086500000, 0x0000000086500000| Untracked 
|  58|0x0000000086600000, 0x0000000086600000, 0x0000000086700000|  0%| F|  |TAMS 0x0000000086600000, 0x0000000086600000| Untracked 
|  59|0x0000000086700000, 0x0000000086700000, 0x0000000086800000|  0%| F|  |TAMS 0x0000000086700000, 0x0000000086700000| Untracked 
|  60|0x0000000086800000, 0x0000000086800000, 0x0000000086900000|  0%| F|  |TAMS 0x0000000086800000, 0x0000000086800000| Untracked 
|  61|0x0000000086900000, 0x0000000086900000, 0x0000000086a00000|  0%| F|  |TAMS 0x0000000086900000, 0x0000000086900000| Untracked 
|  62|0x0000000086a00000, 0x0000000086a00000, 0x0000000086b00000|  0%| F|  |TAMS 0x0000000086a00000, 0x0000000086a00000| Untracked 
|  63|0x0000000086b00000, 0x0000000086b00000, 0x0000000086c00000|  0%| F|  |TAMS 0x0000000086b00000, 0x0000000086b00000| Untracked 
|  64|0x0000000086c00000, 0x0000000086c00000, 0x0000000086d00000|  0%| F|  |TAMS 0x0000000086c00000, 0x0000000086c00000| Untracked 
|  65|0x0000000086d00000, 0x0000000086d00000, 0x0000000086e00000|  0%| F|  |TAMS 0x0000000086d00000, 0x0000000086d00000| Untracked 
|  66|0x0000000086e00000, 0x0000000086e00000, 0x0000000086f00000|  0%| F|  |TAMS 0x0000000086e00000, 0x0000000086e00000| Untracked 
|  67|0x0000000086f00000, 0x0000000086f00000, 0x0000000087000000|  0%| F|  |TAMS 0x0000000086f00000, 0x0000000086f00000| Untracked 
|  68|0x0000000087000000, 0x0000000087000000, 0x0000000087100000|  0%| F|  |TAMS 0x0000000087000000, 0x0000000087000000| Untracked 
|  69|0x0000000087100000, 0x0000000087100000, 0x0000000087200000|  0%| F|  |TAMS 0x0000000087100000, 0x0000000087100000| Untracked 
|  70|0x0000000087200000, 0x0000000087200000, 0x0000000087300000|  0%| F|  |TAMS 0x0000000087200000, 0x0000000087200000| Untracked 
|  71|0x0000000087300000, 0x0000000087300000, 0x0000000087400000|  0%| F|  |TAMS 0x0000000087300000, 0x0000000087300000| Untracked 
|  72|0x0000000087400000, 0x0000000087400000, 0x0000000087500000|  0%| F|  |TAMS 0x0000000087400000, 0x0000000087400000| Untracked 
|  73|0x0000000087500000, 0x0000000087500000, 0x0000000087600000|  0%| F|  |TAMS 0x0000000087500000, 0x0000000087500000| Untracked 
|  74|0x0000000087600000, 0x0000000087600000, 0x0000000087700000|  0%| F|  |TAMS 0x0000000087600000, 0x0000000087600000| Untracked 
|  75|0x0000000087700000, 0x0000000087700000, 0x0000000087800000|  0%| F|  |TAMS 0x0000000087700000, 0x0000000087700000| Untracked 
|  76|0x0000000087800000, 0x0000000087800000, 0x0000000087900000|  0%| F|  |TAMS 0x0000000087800000, 0x0000000087800000| Untracked 
|  77|0x0000000087900000, 0x0000000087900000, 0x0000000087a00000|  0%| F|  |TAMS 0x0000000087900000, 0x0000000087900000| Untracked 
|  78|0x0000000087a00000, 0x0000000087a00000, 0x0000000087b00000|  0%| F|  |TAMS 0x0000000087a00000, 0x0000000087a00000| Untracked 
|  79|0x0000000087b00000, 0x0000000087b00000, 0x0000000087c00000|  0%| F|  |TAMS 0x0000000087b00000, 0x0000000087b00000| Untracked 
|  80|0x0000000087c00000, 0x0000000087c00000, 0x0000000087d00000|  0%| F|  |TAMS 0x0000000087c00000, 0x0000000087c00000| Untracked 
|  81|0x0000000087d00000, 0x0000000087d00000, 0x0000000087e00000|  0%| F|  |TAMS 0x0000000087d00000, 0x0000000087d00000| Untracked 
|  82|0x0000000087e00000, 0x0000000087e00000, 0x0000000087f00000|  0%| F|  |TAMS 0x0000000087e00000, 0x0000000087e00000| Untracked 
|  83|0x0000000087f00000, 0x0000000087f00000, 0x0000000088000000|  0%| F|  |TAMS 0x0000000087f00000, 0x0000000087f00000| Untracked 
|  84|0x0000000088000000, 0x0000000088000000, 0x0000000088100000|  0%| F|  |TAMS 0x0000000088000000, 0x0000000088000000| Untracked 
|  85|0x0000000088100000, 0x0000000088100000, 0x0000000088200000|  0%| F|  |TAMS 0x0000000088100000, 0x0000000088100000| Untracked 
|  86|0x0000000088200000, 0x0000000088200000, 0x0000000088300000|  0%| F|  |TAMS 0x0000000088200000, 0x0000000088200000| Untracked 
|  87|0x0000000088300000, 0x0000000088300000, 0x0000000088400000|  0%| F|  |TAMS 0x0000000088300000, 0x0000000088300000| Untracked 
|  88|0x0000000088400000, 0x0000000088400000, 0x0000000088500000|  0%| F|  |TAMS 0x0000000088400000, 0x0000000088400000| Untracked 
|  89|0x0000000088500000, 0x0000000088500000, 0x0000000088600000|  0%| F|  |TAMS 0x0000000088500000, 0x0000000088500000| Untracked 
|  90|0x0000000088600000, 0x0000000088600000, 0x0000000088700000|  0%| F|  |TAMS 0x0000000088600000, 0x0000000088600000| Untracked 
|  91|0x0000000088700000, 0x0000000088700000, 0x0000000088800000|  0%| F|  |TAMS 0x0000000088700000, 0x0000000088700000| Untracked 
|  92|0x0000000088800000, 0x0000000088800000, 0x0000000088900000|  0%| F|  |TAMS 0x0000000088800000, 0x0000000088800000| Untracked 
|  93|0x0000000088900000, 0x0000000088900000, 0x0000000088a00000|  0%| F|  |TAMS 0x0000000088900000, 0x0000000088900000| Untracked 
|  94|0x0000000088a00000, 0x0000000088a00000, 0x0000000088b00000|  0%| F|  |TAMS 0x0000000088a00000, 0x0000000088a00000| Untracked 
|  95|0x0000000088b00000, 0x0000000088b00000, 0x0000000088c00000|  0%| F|  |TAMS 0x0000000088b00000, 0x0000000088b00000| Untracked 
|  96|0x0000000088c00000, 0x0000000088c00000, 0x0000000088d00000|  0%| F|  |TAMS 0x0000000088c00000, 0x0000000088c00000| Untracked 
|  97|0x0000000088d00000, 0x0000000088d00000, 0x0000000088e00000|  0%| F|  |TAMS 0x0000000088d00000, 0x0000000088d00000| Untracked 
|  98|0x0000000088e00000, 0x0000000088e00000, 0x0000000088f00000|  0%| F|  |TAMS 0x0000000088e00000, 0x0000000088e00000| Untracked 
|  99|0x0000000088f00000, 0x0000000088f00000, 0x0000000089000000|  0%| F|  |TAMS 0x0000000088f00000, 0x0000000088f00000| Untracked 
| 100|0x0000000089000000, 0x0000000089000000, 0x0000000089100000|  0%| F|  |TAMS 0x0000000089000000, 0x0000000089000000| Untracked 
| 101|0x0000000089100000, 0x0000000089100000, 0x0000000089200000|  0%| F|  |TAMS 0x0000000089100000, 0x0000000089100000| Untracked 
| 102|0x0000000089200000, 0x0000000089200000, 0x0000000089300000|  0%| F|  |TAMS 0x0000000089200000, 0x0000000089200000| Untracked 
| 103|0x0000000089300000, 0x0000000089300000, 0x0000000089400000|  0%| F|  |TAMS 0x0000000089300000, 0x0000000089300000| Untracked 
| 104|0x0000000089400000, 0x0000000089400000, 0x0000000089500000|  0%| F|  |TAMS 0x0000000089400000, 0x0000000089400000| Untracked 
| 105|0x0000000089500000, 0x0000000089500000, 0x0000000089600000|  0%| F|  |TAMS 0x0000000089500000, 0x0000000089500000| Untracked 
| 106|0x0000000089600000, 0x0000000089600000, 0x0000000089700000|  0%| F|  |TAMS 0x0000000089600000, 0x0000000089600000| Untracked 
| 107|0x0000000089700000, 0x0000000089700000, 0x0000000089800000|  0%| F|  |TAMS 0x0000000089700000, 0x0000000089700000| Untracked 
| 108|0x0000000089800000, 0x0000000089800000, 0x0000000089900000|  0%| F|  |TAMS 0x0000000089800000, 0x0000000089800000| Untracked 
| 109|0x0000000089900000, 0x0000000089900000, 0x0000000089a00000|  0%| F|  |TAMS 0x0000000089900000, 0x0000000089900000| Untracked 
| 110|0x0000000089a00000, 0x0000000089a00000, 0x0000000089b00000|  0%| F|  |TAMS 0x0000000089a00000, 0x0000000089a00000| Untracked 
| 111|0x0000000089b00000, 0x0000000089b00000, 0x0000000089c00000|  0%| F|  |TAMS 0x0000000089b00000, 0x0000000089b00000| Untracked 
| 112|0x0000000089c00000, 0x0000000089c00000, 0x0000000089d00000|  0%| F|  |TAMS 0x0000000089c00000, 0x0000000089c00000| Untracked 
| 113|0x0000000089d00000, 0x0000000089d00000, 0x0000000089e00000|  0%| F|  |TAMS 0x0000000089d00000, 0x0000000089d00000| Untracked 
| 114|0x0000000089e00000, 0x0000000089e00000, 0x0000000089f00000|  0%| F|  |TAMS 0x0000000089e00000, 0x0000000089e00000| Untracked 
| 115|0x0000000089f00000, 0x0000000089f00000, 0x000000008a000000|  0%| F|  |TAMS 0x0000000089f00000, 0x0000000089f00000| Untracked 
| 116|0x000000008a000000, 0x000000008a0ca278, 0x000000008a100000| 78%| E|  |TAMS 0x000000008a000000, 0x000000008a000000| Complete 
| 117|0x000000008a100000, 0x000000008a200000, 0x000000008a200000|100%| E|CS|TAMS 0x000000008a100000, 0x000000008a100000| Complete 
| 118|0x000000008a200000, 0x000000008a300000, 0x000000008a300000|100%| E|CS|TAMS 0x000000008a200000, 0x000000008a200000| Complete 
| 119|0x000000008a300000, 0x000000008a400000, 0x000000008a400000|100%| E|CS|TAMS 0x000000008a300000, 0x000000008a300000| Complete 
| 120|0x000000008a400000, 0x000000008a500000, 0x000000008a500000|100%| E|CS|TAMS 0x000000008a400000, 0x000000008a400000| Complete 
| 121|0x000000008a500000, 0x000000008a600000, 0x000000008a600000|100%| E|CS|TAMS 0x000000008a500000, 0x000000008a500000| Complete 
| 122|0x000000008a600000, 0x000000008a700000, 0x000000008a700000|100%| E|  |TAMS 0x000000008a600000, 0x000000008a600000| Complete 
| 123|0x000000008a700000, 0x000000008a800000, 0x000000008a800000|100%| E|CS|TAMS 0x000000008a700000, 0x000000008a700000| Complete 
| 124|0x000000008a800000, 0x000000008a900000, 0x000000008a900000|100%| E|CS|TAMS 0x000000008a800000, 0x000000008a800000| Complete 
| 125|0x000000008a900000, 0x000000008aa00000, 0x000000008aa00000|100%| E|CS|TAMS 0x000000008a900000, 0x000000008a900000| Complete 

Card table byte_map: [0x00000141ded00000,0x00000141df0f0000] _byte_map_base: 0x00000141de8ea000

Marking Bits (Prev, Next): (CMBitMap*) 0x00000141c81676b0, (CMBitMap*) 0x00000141c81676f0
 Prev Bits: [0x00000141df4e0000, 0x00000141e1430000)
 Next Bits: [0x00000141e1430000, 0x00000141e3380000)

Polling page: 0x00000141c5f70000

Metaspace:

Usage:
  Non-class:      1.94 MB used.
      Class:    199.50 KB used.
       Both:      2.14 MB used.

Virtual space:
  Non-class space:        8.00 MB reserved,       2.06 MB ( 26%) committed,  1 nodes.
      Class space:        1.00 GB reserved,     256.00 KB ( <1%) committed,  1 nodes.
             Both:        1.01 GB reserved,       2.31 MB ( <1%) committed. 

Chunk freelists:
   Non-Class:  3.36 MB
       Class:  3.65 MB
        Both:  7.01 MB

MaxMetaspaceSize: unlimited
CompressedClassSpaceSize: 1.00 GB
Initial GC threshold: 21.00 MB
Current GC threshold: 21.00 MB
CDS: on
MetaspaceReclaimPolicy: balanced
 - commit_granule_bytes: 65536.
 - commit_granule_words: 8192.
 - virtual_space_node_default_size: 1048576.
 - enlarge_chunks_in_place: 1.
 - new_chunks_are_fully_committed: 0.
 - uncommit_free_chunks: 1.
 - use_allocation_guard: 0.
 - handle_deallocations: 1.


Internal statistics:

num_allocs_failed_limit: 0.
num_arena_births: 52.
num_arena_deaths: 0.
num_vsnodes_births: 2.
num_vsnodes_deaths: 0.
num_space_committed: 37.
num_space_uncommitted: 0.
num_chunks_returned_to_freelist: 0.
num_chunks_taken_from_freelist: 92.
num_chunk_merges: 0.
num_chunk_splits: 62.
num_chunks_enlarged: 42.
num_purges: 0.
num_inconsistent_stats: 0.

CodeHeap 'non-profiled nmethods': size=120000Kb used=184Kb max_used=184Kb free=119815Kb
 bounds [0x00000141d73e0000, 0x00000141d7650000, 0x00000141de910000]
CodeHeap 'profiled nmethods': size=120000Kb used=748Kb max_used=748Kb free=119251Kb
 bounds [0x00000141cfeb0000, 0x00000141d0120000, 0x00000141d73e0000]
CodeHeap 'non-nmethods': size=5760Kb used=1126Kb max_used=1138Kb free=4633Kb
 bounds [0x00000141cf910000, 0x00000141cfb80000, 0x00000141cfeb0000]
 total_blobs=931 nmethods=520 adapters=325
 compilation: enabled
              stopped_count=0, restarted_count=0
 full_count=0

Compilation events (20 events):
Event: 0.755 Thread 0x00000141e581ed70 nmethod 465 0x00000141cff66c90 code [0x00000141cff66ec0, 0x00000141cff67578]
Event: 0.755 Thread 0x00000141e581ed70  469       3       java.lang.invoke.MemberName::testAllFlags (7 bytes)
Event: 0.755 Thread 0x00000141e581ed70 nmethod 469 0x00000141cff67810 code [0x00000141cff679a0, 0x00000141cff67b78]
Event: 0.756 Thread 0x00000141e581ed70  473       3       java.lang.invoke.MemberName::initResolved (53 bytes)
Event: 0.756 Thread 0x00000141e581ed70 nmethod 473 0x00000141cff67c10 code [0x00000141cff67da0, 0x00000141cff67f58]
Event: 0.757 Thread 0x00000141e581ed70  476       3       jdk.internal.org.objectweb.asm.ByteVector::putUTF8 (144 bytes)
Event: 0.758 Thread 0x00000141e581ed70 nmethod 476 0x00000141cff68010 code [0x00000141cff68280, 0x00000141cff68d88]
Event: 0.758 Thread 0x00000141e581ed70  478       3       jdk.internal.org.objectweb.asm.SymbolTable::hash (10 bytes)
Event: 0.758 Thread 0x00000141e581ed70 nmethod 478 0x00000141cff69290 code [0x00000141cff69420, 0x00000141cff69548]
Event: 0.758 Thread 0x00000141e581ed70  477       3       java.lang.invoke.MethodType::equals (56 bytes)
Event: 0.759 Thread 0x00000141e581ed70 nmethod 477 0x00000141cff69610 code [0x00000141cff69840, 0x00000141cff6a3d8]
Event: 0.759 Thread 0x00000141e581e2d0  479       4       java.util.zip.ZipFile::ensureOpen (40 bytes)
Event: 0.760 Thread 0x00000141e581e2d0 nmethod 479 0x00000141d7406990 code [0x00000141d7406b00, 0x00000141d7406bb8]
Event: 0.761 Thread 0x00000141e581ed70  480       3       java.util.AbstractList::<init> (10 bytes)
Event: 0.761 Thread 0x00000141e581ed70 nmethod 480 0x00000141cff6a590 code [0x00000141cff6a740, 0x00000141cff6a918]
Event: 0.762 Thread 0x00000141e581ed70  481       3       jdk.internal.jimage.ImageLocation::readValue (61 bytes)
Event: 0.762 Thread 0x00000141e581e2d0  482       4       java.nio.DirectByteBuffer::ix (10 bytes)
Event: 0.762 Thread 0x00000141e581ed70 nmethod 481 0x00000141cff6aa10 code [0x00000141cff6abe0, 0x00000141cff6af98]
Event: 0.762 Thread 0x00000141e581ed70  483       3       java.net.URLStreamHandler::parseURL (1201 bytes)
Event: 0.762 Thread 0x00000141e581e2d0 nmethod 482 0x00000141d7406c90 code [0x00000141d7406e00, 0x00000141d7406e78]

GC Heap History (0 events):
No events

Deoptimization events (20 events):
Event: 0.520 Thread 0x00000141c812a2a0 Uncommon trap: trap_request=0xffffff45 fr.pc=0x00000141d73eb35c relative=0x000000000000005c
Event: 0.520 Thread 0x00000141c812a2a0 Uncommon trap: reason=unstable_if action=reinterpret pc=0x00000141d73eb35c method=java.lang.String.isLatin1()Z @ 10 c2
Event: 0.520 Thread 0x00000141c812a2a0 DEOPT PACKING pc=0x00000141d73eb35c sp=0x00000003c29fe590
Event: 0.520 Thread 0x00000141c812a2a0 DEOPT UNPACKING pc=0x00000141cf96239d sp=0x00000003c29fe520 mode 2
Event: 0.521 Thread 0x00000141c812a2a0 Uncommon trap: trap_request=0xffffff45 fr.pc=0x00000141d73e12f8 relative=0x0000000000000078
Event: 0.521 Thread 0x00000141c812a2a0 Uncommon trap: reason=unstable_if action=reinterpret pc=0x00000141d73e12f8 method=java.lang.String.isLatin1()Z @ 10 c2
Event: 0.521 Thread 0x00000141c812a2a0 DEOPT PACKING pc=0x00000141d73e12f8 sp=0x00000003c29fef80
Event: 0.521 Thread 0x00000141c812a2a0 DEOPT UNPACKING pc=0x00000141cf96239d sp=0x00000003c29feec0 mode 2
Event: 0.639 Thread 0x00000141c812a2a0 Uncommon trap: trap_request=0xffffff45 fr.pc=0x00000141d73f4be4 relative=0x0000000000000064
Event: 0.639 Thread 0x00000141c812a2a0 Uncommon trap: reason=unstable_if action=reinterpret pc=0x00000141d73f4be4 method=java.io.WinNTFileSystem.isSlash(C)Z @ 9 c2
Event: 0.639 Thread 0x00000141c812a2a0 DEOPT PACKING pc=0x00000141d73f4be4 sp=0x00000003c29fdc60
Event: 0.639 Thread 0x00000141c812a2a0 DEOPT UNPACKING pc=0x00000141cf96239d sp=0x00000003c29fdbe8 mode 2
Event: 0.642 Thread 0x00000141c812a2a0 DEOPT PACKING pc=0x00000141cff01d34 sp=0x00000003c29fd0f0
Event: 0.642 Thread 0x00000141c812a2a0 DEOPT UNPACKING pc=0x00000141cf962b24 sp=0x00000003c29fc5a0 mode 0
Event: 0.648 Thread 0x00000141c812a2a0 DEOPT PACKING pc=0x00000141cfeee056 sp=0x00000003c29f9930
Event: 0.648 Thread 0x00000141c812a2a0 DEOPT UNPACKING pc=0x00000141cf962b24 sp=0x00000003c29f8db8 mode 0
Event: 0.729 Thread 0x00000141c812a2a0 Uncommon trap: trap_request=0xffffff45 fr.pc=0x00000141d7403c68 relative=0x0000000000000248
Event: 0.729 Thread 0x00000141c812a2a0 Uncommon trap: reason=unstable_if action=reinterpret pc=0x00000141d7403c68 method=java.io.BufferedReader.read()I @ 19 c2
Event: 0.729 Thread 0x00000141c812a2a0 DEOPT PACKING pc=0x00000141d7403c68 sp=0x00000003c29fce40
Event: 0.729 Thread 0x00000141c812a2a0 DEOPT UNPACKING pc=0x00000141cf96239d sp=0x00000003c29fcd80 mode 2

Classes unloaded (0 events):
No events

Classes redefined (0 events):
No events

Internal exceptions (4 events):
Event: 0.530 Thread 0x00000141e65d7b30 Exception <a 'java/lang/NoSuchMethodError'{0x000000008a347860}: 'java.lang.Object java.lang.invoke.DirectMethodHandle$Holder.invokeStaticInit(java.lang.Object)'> (0x000000008a347860) 
thrown [t:\workspace\open\src\hotspot\share\interpreter\linkResolver.cpp, line 766]
Event: 0.550 Thread 0x00000141e65d7b30 Exception <a 'java/lang/NoSuchMethodError'{0x000000008a355610}: 'void java.lang.invoke.DirectMethodHandle$Holder.invokeStatic(java.lang.Object, java.lang.Object)'> (0x000000008a355610) 
thrown [t:\workspace\open\src\hotspot\share\interpreter\linkResolver.cpp, line 766]
Event: 0.737 Thread 0x00000141c812a2a0 Exception <a 'java/lang/ClassNotFoundException'{0x000000008a1bf620}: javax/smartcardio/CardPermission> (0x000000008a1bf620) 
thrown [t:\workspace\open\src\hotspot\share\classfile\systemDictionary.cpp, line 256]
Event: 0.743 Thread 0x00000141c812a2a0 Exception <a 'java/io/FileNotFoundException'{0x000000008a1c9aa0}> (0x000000008a1c9aa0) 
thrown [t:\workspace\open\src\hotspot\share\prims\jni.cpp, line 516]

VM Operations (6 events):
Event: 0.258 Executing VM operation: HandshakeAllThreads
Event: 0.258 Executing VM operation: HandshakeAllThreads done
Event: 0.525 Executing VM operation: HandshakeAllThreads
Event: 0.525 Executing VM operation: HandshakeAllThreads done
Event: 0.638 Executing VM operation: HandshakeAllThreads
Event: 0.638 Executing VM operation: HandshakeAllThreads done

Events (20 events):
Event: 0.747 loading class sun/security/provider/PolicyFile$SelfPermission
Event: 0.747 loading class sun/security/provider/PolicyFile$SelfPermission done
Event: 0.747 loading class java/net/SocketPermissionCollection
Event: 0.747 loading class java/net/SocketPermissionCollection done
Event: 0.748 loading class java/net/SocketPermissionCollection$1
Event: 0.748 loading class java/net/SocketPermissionCollection$1 done
Event: 0.748 loading class java/util/PropertyPermissionCollection
Event: 0.748 loading class java/util/PropertyPermissionCollection done
Event: 0.748 loading class java/util/PropertyPermissionCollection$1
Event: 0.748 loading class java/util/PropertyPermissionCollection$1 done
Event: 0.749 loading class java/io/FilePermissionCollection
Event: 0.749 loading class java/io/FilePermissionCollection done
Event: 0.749 loading class java/io/FilePermissionCollection$1
Event: 0.749 loading class java/io/FilePermissionCollection$1 done
Event: 0.749 loading class java/security/PermissionsEnumerator
Event: 0.749 loading class java/security/PermissionsEnumerator done
Event: 0.750 loading class java/security/AccessControlException
Event: 0.750 loading class java/security/AccessControlException done
Event: 0.763 loading class java/util/zip/ZipFile$ZipEntryIterator
Event: 0.763 loading class java/util/zip/ZipFile$ZipEntryIterator done


Dynamic libraries:
0x00007ff77edc0000 - 0x00007ff77edce000 	C:\Program Files\jdk-17\bin\java.exe
0x00007ffdee650000 - 0x00007ffdee867000 	C:\WINDOWS\SYSTEM32\ntdll.dll
0x00007ffdecdc0000 - 0x00007ffdece84000 	C:\WINDOWS\System32\KERNEL32.DLL
0x00007ffdeb980000 - 0x00007ffdebd2c000 	C:\WINDOWS\System32\KERNELBASE.dll
0x00007ffdebdd0000 - 0x00007ffdebee1000 	C:\WINDOWS\System32\ucrtbase.dll
0x00007ffdcf050000 - 0x00007ffdcf06a000 	C:\Program Files\jdk-17\bin\VCRUNTIME140.dll
0x00007ffdcf030000 - 0x00007ffdcf048000 	C:\Program Files\jdk-17\bin\jli.dll
0x00007ffded910000 - 0x00007ffdedabe000 	C:\WINDOWS\System32\USER32.dll
0x00007ffdec2e0000 - 0x00007ffdec306000 	C:\WINDOWS\System32\win32u.dll
0x00007ffdd6910000 - 0x00007ffdd6ba3000 	C:\WINDOWS\WinSxS\amd64_microsoft.windows.common-controls_6595b64144ccf1df_6.0.22621.3672_none_2713b9d173822955\COMCTL32.dll
0x00007ffdee4e0000 - 0x00007ffdee509000 	C:\WINDOWS\System32\GDI32.dll
0x00007ffdedac0000 - 0x00007ffdedb67000 	C:\WINDOWS\System32\msvcrt.dll
0x00007ffdebef0000 - 0x00007ffdec009000 	C:\WINDOWS\System32\gdi32full.dll
0x00007ffdebd30000 - 0x00007ffdebdca000 	C:\WINDOWS\System32\msvcp_win.dll
0x00007ffded040000 - 0x00007ffded071000 	C:\WINDOWS\System32\IMM32.DLL
0x00007ffdda2f0000 - 0x00007ffdda2fc000 	C:\Program Files\jdk-17\bin\vcruntime140_1.dll
0x00007ffdaf870000 - 0x00007ffdaf8fd000 	C:\Program Files\jdk-17\bin\msvcp140.dll
0x00007ffd6e750000 - 0x00007ffd6f30e000 	C:\Program Files\jdk-17\bin\server\jvm.dll
0x00007ffdecb70000 - 0x00007ffdecc22000 	C:\WINDOWS\System32\ADVAPI32.dll
0x00007ffdec390000 - 0x00007ffdec43a000 	C:\WINDOWS\System32\sechost.dll
0x00007ffdec2b0000 - 0x00007ffdec2d8000 	C:\WINDOWS\System32\bcrypt.dll
0x00007ffdec5a0000 - 0x00007ffdec6b5000 	C:\WINDOWS\System32\RPCRT4.dll
0x00007ffded900000 - 0x00007ffded908000 	C:\WINDOWS\System32\PSAPI.DLL
0x00007ffdd6040000 - 0x00007ffdd6074000 	C:\WINDOWS\SYSTEM32\WINMM.dll
0x00007ffde8ce0000 - 0x00007ffde8ce9000 	C:\WINDOWS\SYSTEM32\WSOCK32.dll
0x00007ffdee380000 - 0x00007ffdee3f1000 	C:\WINDOWS\System32\WS2_32.dll
0x00007ffdde4b0000 - 0x00007ffdde4ba000 	C:\WINDOWS\SYSTEM32\VERSION.dll
0x00007ffdea970000 - 0x00007ffdea988000 	C:\WINDOWS\SYSTEM32\kernel.appcore.dll
0x00007ffdd5b10000 - 0x00007ffdd5b1a000 	C:\Program Files\jdk-17\bin\jimage.dll
0x00007ffde0260000 - 0x00007ffde0492000 	C:\WINDOWS\SYSTEM32\DBGHELP.DLL
0x00007ffdedbd0000 - 0x00007ffdedf58000 	C:\WINDOWS\System32\combase.dll
0x00007ffdee400000 - 0x00007ffdee4d7000 	C:\WINDOWS\System32\OLEAUT32.dll
0x00007ffddf100000 - 0x00007ffddf132000 	C:\WINDOWS\SYSTEM32\dbgcore.DLL
0x00007ffdec310000 - 0x00007ffdec38b000 	C:\WINDOWS\System32\bcryptPrimitives.dll
0x00007ffdded70000 - 0x00007ffdded7e000 	C:\Program Files\jdk-17\bin\instrument.dll
0x00007ffdcf000000 - 0x00007ffdcf025000 	C:\Program Files\jdk-17\bin\java.dll
0x00007ffdaf560000 - 0x00007ffdaf636000 	C:\Program Files\jdk-17\bin\svml.dll
0x00007ffded080000 - 0x00007ffded8dc000 	C:\WINDOWS\System32\SHELL32.dll
0x00007ffde9880000 - 0x00007ffdea177000 	C:\WINDOWS\SYSTEM32\windows.storage.dll
0x00007ffde9740000 - 0x00007ffde987f000 	C:\WINDOWS\SYSTEM32\wintypes.dll
0x00007ffdee510000 - 0x00007ffdee604000 	C:\WINDOWS\System32\SHCORE.dll
0x00007ffdedb70000 - 0x00007ffdedbce000 	C:\WINDOWS\System32\shlwapi.dll
0x00007ffdeb8b0000 - 0x00007ffdeb8d1000 	C:\WINDOWS\SYSTEM32\profapi.dll
0x00007ffdc23f0000 - 0x00007ffdc2408000 	C:\Program Files\jdk-17\bin\zip.dll
0x00007ffdcede0000 - 0x00007ffdcedf9000 	C:\Program Files\jdk-17\bin\net.dll
0x00007ffddfdf0000 - 0x00007ffddff26000 	C:\WINDOWS\SYSTEM32\WINHTTP.dll
0x00007ffdeadf0000 - 0x00007ffdeae59000 	C:\WINDOWS\system32\mswsock.dll
0x00007ffdcedc0000 - 0x00007ffdcedd5000 	C:\Program Files\jdk-17\bin\nio.dll
0x00007ffdded10000 - 0x00007ffdded2a000 	C:\Program Files (x86)\JetBrains\IntelliJ IDEA Community Edition 2024.1.2\bin\breakgen64.dll

dbghelp: loaded successfully - version: 4.0.5 - missing functions: none
symbol engine: initialized successfully - sym options: 0x614 - pdb path: .;C:\Program Files\jdk-17\bin;C:\WINDOWS\SYSTEM32;C:\WINDOWS\WinSxS\amd64_microsoft.windows.common-controls_6595b64144ccf1df_6.0.22621.3672_none_2713b9d173822955;C:\Program Files\jdk-17\bin\server;C:\Program Files (x86)\JetBrains\IntelliJ IDEA Community Edition 2024.1.2\bin

VM Arguments:
jvm_args: -javaagent:C:\Program Files (x86)\JetBrains\IntelliJ IDEA Community Edition 2024.1.2\lib\idea_rt.jar=58684:C:\Program Files (x86)\JetBrains\IntelliJ IDEA Community Edition 2024.1.2\bin -Dfile.encoding=UTF-8 
java_command: com.jimsimrodev.librosAPI.LibrosApiApplication
java_class_path (initial): D:\work\librosAPI\target\classes;C:\Users\jhoan\.m2\repository\org\springframework\boot\spring-boot-starter-data-jpa\3.3.1\spring-boot-starter-data-jpa-3.3.1.jar;C:\Users\jhoan\.m2\repository\org\springframework\boot\spring-boot-starter-aop\3.3.1\spring-boot-starter-aop-3.3.1.jar;C:\Users\jhoan\.m2\repository\org\springframework\spring-aop\6.1.10\spring-aop-6.1.10.jar;C:\Users\jhoan\.m2\repository\org\aspectj\aspectjweaver\1.9.22\aspectjweaver-1.9.22.jar;C:\Users\jhoan\.m2\repository\org\springframework\boot\spring-boot-starter-jdbc\3.3.1\spring-boot-starter-jdbc-3.3.1.jar;C:\Users\jhoan\.m2\repository\com\zaxxer\HikariCP\5.1.0\HikariCP-5.1.0.jar;C:\Users\jhoan\.m2\repository\org\springframework\spring-jdbc\6.1.10\spring-jdbc-6.1.10.jar;C:\Users\jhoan\.m2\repository\org\hibernate\orm\hibernate-core\6.5.2.Final\hibernate-core-6.5.2.Final.jar;C:\Users\jhoan\.m2\repository\jakarta\persistence\jakarta.persistence-api\3.1.0\jakarta.persistence-api-3.1.0.jar;C:\Users\jhoan\.m2\repository\jakarta\transaction\jakarta.transaction-api\2.0.1\jakarta.transaction-api-2.0.1.jar;C:\Users\jhoan\.m2\repository\org\jboss\logging\jboss-logging\3.5.3.Final\jboss-logging-3.5.3.Final.jar;C:\Users\jhoan\.m2\repository\org\hibernate\common\hibernate-commons-annotations\6.0.6.Final\hibernate-commons-annotations-6.0.6.Final.jar;C:\Users\jhoan\.m2\repository\io\smallrye\jandex\3.1.2\jandex-3.1.2.jar;C:\Users\jhoan\.m2\repository\com\fasterxml\classmate\1.7.0\classmate-1.7.0.jar;C:\Users\jhoan\.m2\repository\net\bytebuddy\byte-buddy\1.14.17\byte-buddy-1.14.17.jar;C:\Users\jhoan\.m2\repository\org\glassfish\jaxb\jaxb-runtime\4.0.5\jaxb-runtime-4.0.5.jar;C:\Users\jhoan\.m2\repository\org\glassfish\jaxb\jaxb-core\4.0.5\jaxb-core-4.0.5.jar;C:\Users\jhoan\.m2\repository\org\eclipse\angus\angus-activation\2.0.2\angus-activation-2.0.2.jar;C:\Users\jhoan\.m2\repository\org\glassfish\jaxb\txw2\4.0.5\txw2-4.0.5.jar;C:\Users\jhoan\.m2\repository\com\sun\istack\istack-commons-
Launcher Type: SUN_STANDARD

[Global flags]
     intx CICompilerCount                          = 3                                         {product} {ergonomic}
     uint ConcGCThreads                            = 1                                         {product} {ergonomic}
     uint G1ConcRefinementThreads                  = 4                                         {product} {ergonomic}
   size_t G1HeapRegionSize                         = 1048576                                   {product} {ergonomic}
    uintx GCDrainStackTargetSize                   = 64                                        {product} {ergonomic}
   size_t InitialHeapSize                          = 132120576                                 {product} {ergonomic}
   size_t MarkStackSize                            = 4194304                                   {product} {ergonomic}
   size_t MaxHeapSize                              = 2101346304                                {product} {ergonomic}
   size_t MaxNewSize                               = 1260388352                                {product} {ergonomic}
   size_t MinHeapDeltaBytes                        = 1048576                                   {product} {ergonomic}
   size_t MinHeapSize                              = 8388608                                   {product} {ergonomic}
    uintx NonNMethodCodeHeapSize                   = 5832780                                {pd product} {ergonomic}
    uintx NonProfiledCodeHeapSize                  = 122912730                              {pd product} {ergonomic}
    uintx ProfiledCodeHeapSize                     = 122912730                              {pd product} {ergonomic}
    uintx ReservedCodeCacheSize                    = 251658240                              {pd product} {ergonomic}
     bool SegmentedCodeCache                       = true                                      {product} {ergonomic}
   size_t SoftMaxHeapSize                          = 2101346304                             {manageable} {ergonomic}
     bool UseCompressedClassPointers               = true                           {product lp64_product} {ergonomic}
     bool UseCompressedOops                        = true                           {product lp64_product} {ergonomic}
     bool UseG1GC                                  = true                                      {product} {ergonomic}
     bool UseLargePagesIndividualAllocation        = false                                  {pd product} {ergonomic}

Logging:
Log output configuration:
 #0: stdout all=warning uptime,level,tags
 #1: stderr all=off uptime,level,tags

Environment Variables:
JAVA_HOME=C:\Program Files\jdk-17
PATH=C:\WINDOWS\system32;C:\WINDOWS;C:\WINDOWS\System32\Wbem;C:\WINDOWS\System32\WindowsPowerShell\v1.0\;C:\WINDOWS\System32\OpenSSH\;C:\Program Files\jdk-17\bin;C:\Program Files\WezTerm;C:\xampp\php;C:\ProgramData\ComposerSetup\bin;C:\Program Files\Git\cmd;C:\Program Files\nodejs\;C:\Program Files\MySQL\MySQL Shell 8.0\bin\;C:\Users\jhoan\AppData\Local\Microsoft\WindowsApps;C:\Users\jhoan\AppData\Local\Programs\Microsoft VS Code\bin;C:\Users\jhoan\AppData\Local\Programs\oh-my-posh\bin;C:\Users\jhoan\AppData\Local\Microsoft\WinGet\Packages\Schniz.fnm_Microsoft.Winget.Source_8wekyb3d8bbwe;C:\Users\jhoan\AppData\Roaming\Composer\vendor\bin;C:\Users\jhoan\AppData\Roaming\npm
USERNAME=jhoan
OS=Windows_NT
PROCESSOR_IDENTIFIER=Intel64 Family 6 Model 142 Stepping 12, GenuineIntel



---------------  S Y S T E M  ---------------

OS:
 Windows 10 , 64 bit Build 22621 (10.0.22621.3672)
OS uptime: 0 days 13:59 hours
Hyper-V role detected

CPU: total 4 (initial active 4) (2 cores per cpu, 2 threads per core) family 6 model 142 stepping 12 microcode 0xf8, cx8, cmov, fxsr, ht, mmx, 3dnowpref, sse, sse2, sse3, ssse3, sse4.1, sse4.2, popcnt, lzcnt, tsc, tscinvbit, aes, erms, clmul, clflush, clflushopt, hv

Memory: 4k page, system-wide physical 8015M (609M free)
TotalPageFile size 12111M (AvailPageFile size 2M)
current process WorkingSet (physical memory assigned to process): 50M, peak: 50M
current process commit charge ("private bytes"): 207M, peak: 207M

vm_info: OpenJDK 64-Bit Server VM (17+35-2724) for windows-amd64 JRE (17+35-2724), built on Aug  5 2021 23:26:02 by "mach5one" with MS VC++ 16.8 (VS2019)

END.
