#
# There is insufficient memory for the Java Runtime Environment to continue.
# Native memory allocation (malloc) failed to allocate 780496 bytes for Chunk::new
# Possible reasons:
#   The system is out of physical RAM or swap space
#   The process is running with CompressedOops enabled, and the Java Heap may be blocking the growth of the native heap
# Possible solutions:
#   Reduce memory load on the system
#   Increase physical memory or swap space
#   Check if swap backing store is full
#   Decrease Java heap size (-Xmx/-Xms)
#   Decrease number of Java threads
#   Decrease Java thread stack sizes (-Xss)
#   Set larger code cache with -XX:ReservedCodeCacheSize=
#   JVM is running with Unscaled Compressed Oops mode in which the Java heap is
#     placed in the first 4GB address space. The Java Heap base address is the
#     maximum limit for the native heap growth. Please use -XX:HeapBaseMinAddress
#     to set the Java Heap base and to place the Java Heap above 4GB virtual address.
# This output file may be truncated or incomplete.
#
#  Out of Memory Error (arena.cpp:189), pid=1464, tid=5892
#
# JRE version: OpenJDK Runtime Environment (17.0+35) (build 17+35-2724)
# Java VM: OpenJDK 64-Bit Server VM (17+35-2724, mixed mode, sharing, tiered, compressed oops, compressed class ptrs, g1 gc, windows-amd64)
# No core dump will be written. Minidumps are not enabled by default on client versions of Windows
#

---------------  S U M M A R Y ------------

Command Line: -javaagent:C:\Program Files (x86)\JetBrains\IntelliJ IDEA Community Edition 2024.1.2\lib\idea_rt.jar=63111:C:\Program Files (x86)\JetBrains\IntelliJ IDEA Community Edition 2024.1.2\bin -Dfile.encoding=UTF-8 com.jimsimrodev.librosAPI.LibrosApiApplication

Host: Intel(R) Pentium(R) CPU 6405U @ 2.40GHz, 4 cores, 7G,  Windows 10 , 64 bit Build 22621 (10.0.22621.3672)
Time: Mon Jul  1 20:06:57 2024 Hora est. Pacífico, Sudamérica elapsed time: 3.739754 seconds (0d 0h 0m 3s)

---------------  T H R E A D  ---------------

Current thread (0x0000025d6c5a5360):  JavaThread "C2 CompilerThread0" daemon [_thread_in_native, id=5892, stack(0x0000007a0de00000,0x0000007a0df00000)]


Current CompileTask:
C2:   3739 2191   !   4       java.net.URL::<init> (543 bytes)

Stack: [0x0000007a0de00000,0x0000007a0df00000]
Native frames: (J=compiled Java code, j=interpreted, Vv=VM code, C=native code)
V  [jvm.dll+0x66f8ea]
V  [jvm.dll+0x7ce224]
V  [jvm.dll+0x7cf9ce]
V  [jvm.dll+0x7d0033]
V  [jvm.dll+0x242bb5]
V  [jvm.dll+0xaa05b]
V  [jvm.dll+0xaa5ec]
V  [jvm.dll+0x2a954f]
V  [jvm.dll+0x5784b9]
V  [jvm.dll+0x21de2d]
V  [jvm.dll+0x21e20f]
V  [jvm.dll+0x217ada]
V  [jvm.dll+0x214fb5]
V  [jvm.dll+0x1a168d]
V  [jvm.dll+0x2248f8]
V  [jvm.dll+0x222a5c]
V  [jvm.dll+0x78422b]
V  [jvm.dll+0x77e7ea]
V  [jvm.dll+0x66e715]
C  [ucrtbase.dll+0x29333]
C  [KERNEL32.DLL+0x1257d]
C  [ntdll.dll+0x5af28]


---------------  P R O C E S S  ---------------

Threads class SMR info:
_java_thread_list=0x0000025d6e079370, length=14, elements={
0x0000025d4eeaf4e0, 0x0000025d6c58cca0, 0x0000025d6c58ea30, 0x0000025d6c5a0ed0,
0x0000025d6c5a1990, 0x0000025d6c5a2250, 0x0000025d6c5a2b10, 0x0000025d6c5a5360,
0x0000025d6c5a64b0, 0x0000025d6c6194d0, 0x0000025d6d06b900, 0x0000025d6d21bb60,
0x0000025d6d21c030, 0x0000025d6df36e60
}

Java Threads: ( => current thread )
  0x0000025d4eeaf4e0 JavaThread "main" [_thread_in_vm, id=2616, stack(0x0000007a0d100000,0x0000007a0d200000)]
  0x0000025d6c58cca0 JavaThread "Reference Handler" daemon [_thread_blocked, id=1792, stack(0x0000007a0d800000,0x0000007a0d900000)]
  0x0000025d6c58ea30 JavaThread "Finalizer" daemon [_thread_blocked, id=7992, stack(0x0000007a0d900000,0x0000007a0da00000)]
  0x0000025d6c5a0ed0 JavaThread "Signal Dispatcher" daemon [_thread_blocked, id=13852, stack(0x0000007a0da00000,0x0000007a0db00000)]
  0x0000025d6c5a1990 JavaThread "Attach Listener" daemon [_thread_blocked, id=11888, stack(0x0000007a0db00000,0x0000007a0dc00000)]
  0x0000025d6c5a2250 JavaThread "Service Thread" daemon [_thread_blocked, id=10108, stack(0x0000007a0dc00000,0x0000007a0dd00000)]
  0x0000025d6c5a2b10 JavaThread "Monitor Deflation Thread" daemon [_thread_blocked, id=5420, stack(0x0000007a0dd00000,0x0000007a0de00000)]
=>0x0000025d6c5a5360 JavaThread "C2 CompilerThread0" daemon [_thread_in_native, id=5892, stack(0x0000007a0de00000,0x0000007a0df00000)]
  0x0000025d6c5a64b0 JavaThread "C1 CompilerThread0" daemon [_thread_blocked, id=7820, stack(0x0000007a0df00000,0x0000007a0e000000)]
  0x0000025d6c6194d0 JavaThread "Sweeper thread" daemon [_thread_blocked, id=13344, stack(0x0000007a0e000000,0x0000007a0e100000)]
  0x0000025d6d06b900 JavaThread "Common-Cleaner" daemon [_thread_blocked, id=6332, stack(0x0000007a0e100000,0x0000007a0e200000)]
  0x0000025d6d21bb60 JavaThread "Monitor Ctrl-Break" daemon [_thread_in_native, id=11880, stack(0x0000007a0e200000,0x0000007a0e300000)]
  0x0000025d6d21c030 JavaThread "Notification Thread" daemon [_thread_blocked, id=9964, stack(0x0000007a0e300000,0x0000007a0e400000)]
  0x0000025d6df36e60 JavaThread "C2 CompilerThread1" daemon [_thread_in_native, id=8520, stack(0x0000007a0e500000,0x0000007a0e600000)]

Other Threads:
  0x0000025d6c588a00 VMThread "VM Thread" [stack: 0x0000007a0d700000,0x0000007a0d800000] [id=3504]
  0x0000025d6d348da0 WatcherThread [stack: 0x0000007a0e400000,0x0000007a0e500000] [id=13420]
  0x0000025d4eeec100 GCTaskThread "GC Thread#0" [stack: 0x0000007a0d200000,0x0000007a0d300000] [id=13856]
  0x0000025d6d8d6630 GCTaskThread "GC Thread#1" [stack: 0x0000007a0e600000,0x0000007a0e700000] [id=5364]
  0x0000025d6d8c04e0 GCTaskThread "GC Thread#2" [stack: 0x0000007a0e700000,0x0000007a0e800000] [id=1796]
  0x0000025d6d8795d0 GCTaskThread "GC Thread#3" [stack: 0x0000007a0e800000,0x0000007a0e900000] [id=12780]
  0x0000025d4eefab40 ConcurrentGCThread "G1 Main Marker" [stack: 0x0000007a0d300000,0x0000007a0d400000] [id=10924]
  0x0000025d4cebe3b0 ConcurrentGCThread "G1 Conc#0" [stack: 0x0000007a0d400000,0x0000007a0d500000] [id=8400]
  0x0000025d6c450090 ConcurrentGCThread "G1 Refine#0" [stack: 0x0000007a0d500000,0x0000007a0d600000] [id=5324]
  0x0000025d6c4519d0 ConcurrentGCThread "G1 Service" [stack: 0x0000007a0d600000,0x0000007a0d700000] [id=12968]

Threads with active compile tasks:
C2 CompilerThread0     3793 2191   !   4       java.net.URL::<init> (543 bytes)
C2 CompilerThread1     3793 2300   !   4       java.util.concurrent.ConcurrentHashMap::putVal (432 bytes)

VM state: not at safepoint (normal execution)

VM Mutex/Monitor currently owned by a thread: None

Heap address: 0x0000000082c00000, size: 2004 MB, Compressed Oops mode: 32-bit

CDS archive(s) mapped at: [0x0000000800000000-0x0000000800bc0000-0x0000000800bc0000), size 12320768, SharedBaseAddress: 0x0000000800000000, ArchiveRelocationMode: 0.
Compressed class space mapped at: 0x0000000800c00000-0x0000000840c00000, reserved size: 1073741824
Narrow klass base: 0x0000000800000000, Narrow klass shift: 0, Narrow klass range: 0x100000000

GC Precious Log:
 CPUs: 4 total, 4 available
 Memory: 8015M
 Large Page Support: Disabled
 NUMA Support: Disabled
 Compressed Oops: Enabled (32-bit)
 Heap Region Size: 1M
 Heap Min Capacity: 8M
 Heap Initial Capacity: 126M
 Heap Max Capacity: 2004M
 Pre-touch: Disabled
 Parallel Workers: 4
 Concurrent Workers: 1
 Concurrent Refinement Workers: 4
 Periodic GC: Disabled

Heap:
 garbage-first heap   total 129024K, used 59605K [0x0000000082c00000, 0x0000000100000000)
  region size 1024K, 55 young (56320K), 3 survivors (3072K)
 Metaspace       used 13242K, committed 13504K, reserved 1064960K
  class space    used 1631K, committed 1792K, reserved 1048576K

Heap Regions: E=young(eden), S=young(survivor), O=old, HS=humongous(starts), HC=humongous(continues), CS=collection set, F=free, OA=open archive, CA=closed archive, TAMS=top-at-mark-start (previous, next)
|   0|0x0000000082c00000, 0x0000000082d00000, 0x0000000082d00000|100%|HS|  |TAMS 0x0000000082c00000, 0x0000000082c00000| Complete 
|   1|0x0000000082d00000, 0x0000000082e00000, 0x0000000082e00000|100%| O|  |TAMS 0x0000000082d00000, 0x0000000082d00000| Untracked 
|   2|0x0000000082e00000, 0x0000000082f00000, 0x0000000082f00000|100%| O|  |TAMS 0x0000000082e00000, 0x0000000082e00000| Untracked 
|   3|0x0000000082f00000, 0x0000000083000000, 0x0000000083000000|100%| O|  |TAMS 0x0000000082f00000, 0x0000000082f00000| Untracked 
|   4|0x0000000083000000, 0x0000000083100000, 0x0000000083100000|100%| O|  |TAMS 0x0000000083000000, 0x0000000083000000| Untracked 
|   5|0x0000000083100000, 0x0000000083135600, 0x0000000083200000| 20%| O|  |TAMS 0x0000000083100000, 0x0000000083100000| Untracked 
|   6|0x0000000083200000, 0x0000000083200000, 0x0000000083300000|  0%| F|  |TAMS 0x0000000083200000, 0x0000000083200000| Untracked 
|   7|0x0000000083300000, 0x0000000083300000, 0x0000000083400000|  0%| F|  |TAMS 0x0000000083300000, 0x0000000083300000| Untracked 
|   8|0x0000000083400000, 0x0000000083400000, 0x0000000083500000|  0%| F|  |TAMS 0x0000000083400000, 0x0000000083400000| Untracked 
|   9|0x0000000083500000, 0x0000000083500000, 0x0000000083600000|  0%| F|  |TAMS 0x0000000083500000, 0x0000000083500000| Untracked 
|  10|0x0000000083600000, 0x0000000083600000, 0x0000000083700000|  0%| F|  |TAMS 0x0000000083600000, 0x0000000083600000| Untracked 
|  11|0x0000000083700000, 0x0000000083700000, 0x0000000083800000|  0%| F|  |TAMS 0x0000000083700000, 0x0000000083700000| Untracked 
|  12|0x0000000083800000, 0x0000000083800000, 0x0000000083900000|  0%| F|  |TAMS 0x0000000083800000, 0x0000000083800000| Untracked 
|  13|0x0000000083900000, 0x0000000083900000, 0x0000000083a00000|  0%| F|  |TAMS 0x0000000083900000, 0x0000000083900000| Untracked 
|  14|0x0000000083a00000, 0x0000000083a00000, 0x0000000083b00000|  0%| F|  |TAMS 0x0000000083a00000, 0x0000000083a00000| Untracked 
|  15|0x0000000083b00000, 0x0000000083b00000, 0x0000000083c00000|  0%| F|  |TAMS 0x0000000083b00000, 0x0000000083b00000| Untracked 
|  16|0x0000000083c00000, 0x0000000083c00000, 0x0000000083d00000|  0%| F|  |TAMS 0x0000000083c00000, 0x0000000083c00000| Untracked 
|  17|0x0000000083d00000, 0x0000000083d00000, 0x0000000083e00000|  0%| F|  |TAMS 0x0000000083d00000, 0x0000000083d00000| Untracked 
|  18|0x0000000083e00000, 0x0000000083e00000, 0x0000000083f00000|  0%| F|  |TAMS 0x0000000083e00000, 0x0000000083e00000| Untracked 
|  19|0x0000000083f00000, 0x0000000083f00000, 0x0000000084000000|  0%| F|  |TAMS 0x0000000083f00000, 0x0000000083f00000| Untracked 
|  20|0x0000000084000000, 0x0000000084000000, 0x0000000084100000|  0%| F|  |TAMS 0x0000000084000000, 0x0000000084000000| Untracked 
|  21|0x0000000084100000, 0x0000000084100000, 0x0000000084200000|  0%| F|  |TAMS 0x0000000084100000, 0x0000000084100000| Untracked 
|  22|0x0000000084200000, 0x0000000084200000, 0x0000000084300000|  0%| F|  |TAMS 0x0000000084200000, 0x0000000084200000| Untracked 
|  23|0x0000000084300000, 0x0000000084300000, 0x0000000084400000|  0%| F|  |TAMS 0x0000000084300000, 0x0000000084300000| Untracked 
|  24|0x0000000084400000, 0x0000000084400000, 0x0000000084500000|  0%| F|  |TAMS 0x0000000084400000, 0x0000000084400000| Untracked 
|  25|0x0000000084500000, 0x0000000084500000, 0x0000000084600000|  0%| F|  |TAMS 0x0000000084500000, 0x0000000084500000| Untracked 
|  26|0x0000000084600000, 0x0000000084600000, 0x0000000084700000|  0%| F|  |TAMS 0x0000000084600000, 0x0000000084600000| Untracked 
|  27|0x0000000084700000, 0x0000000084700000, 0x0000000084800000|  0%| F|  |TAMS 0x0000000084700000, 0x0000000084700000| Untracked 
|  28|0x0000000084800000, 0x0000000084800000, 0x0000000084900000|  0%| F|  |TAMS 0x0000000084800000, 0x0000000084800000| Untracked 
|  29|0x0000000084900000, 0x0000000084900000, 0x0000000084a00000|  0%| F|  |TAMS 0x0000000084900000, 0x0000000084900000| Untracked 
|  30|0x0000000084a00000, 0x0000000084a00000, 0x0000000084b00000|  0%| F|  |TAMS 0x0000000084a00000, 0x0000000084a00000| Untracked 
|  31|0x0000000084b00000, 0x0000000084b00000, 0x0000000084c00000|  0%| F|  |TAMS 0x0000000084b00000, 0x0000000084b00000| Untracked 
|  32|0x0000000084c00000, 0x0000000084c00000, 0x0000000084d00000|  0%| F|  |TAMS 0x0000000084c00000, 0x0000000084c00000| Untracked 
|  33|0x0000000084d00000, 0x0000000084d00000, 0x0000000084e00000|  0%| F|  |TAMS 0x0000000084d00000, 0x0000000084d00000| Untracked 
|  34|0x0000000084e00000, 0x0000000084e00000, 0x0000000084f00000|  0%| F|  |TAMS 0x0000000084e00000, 0x0000000084e00000| Untracked 
|  35|0x0000000084f00000, 0x0000000084f00000, 0x0000000085000000|  0%| F|  |TAMS 0x0000000084f00000, 0x0000000084f00000| Untracked 
|  36|0x0000000085000000, 0x0000000085000000, 0x0000000085100000|  0%| F|  |TAMS 0x0000000085000000, 0x0000000085000000| Untracked 
|  37|0x0000000085100000, 0x0000000085100000, 0x0000000085200000|  0%| F|  |TAMS 0x0000000085100000, 0x0000000085100000| Untracked 
|  38|0x0000000085200000, 0x0000000085200000, 0x0000000085300000|  0%| F|  |TAMS 0x0000000085200000, 0x0000000085200000| Untracked 
|  39|0x0000000085300000, 0x0000000085300000, 0x0000000085400000|  0%| F|  |TAMS 0x0000000085300000, 0x0000000085300000| Untracked 
|  40|0x0000000085400000, 0x0000000085400000, 0x0000000085500000|  0%| F|  |TAMS 0x0000000085400000, 0x0000000085400000| Untracked 
|  41|0x0000000085500000, 0x0000000085500000, 0x0000000085600000|  0%| F|  |TAMS 0x0000000085500000, 0x0000000085500000| Untracked 
|  42|0x0000000085600000, 0x0000000085600000, 0x0000000085700000|  0%| F|  |TAMS 0x0000000085600000, 0x0000000085600000| Untracked 
|  43|0x0000000085700000, 0x0000000085700000, 0x0000000085800000|  0%| F|  |TAMS 0x0000000085700000, 0x0000000085700000| Untracked 
|  44|0x0000000085800000, 0x0000000085800000, 0x0000000085900000|  0%| F|  |TAMS 0x0000000085800000, 0x0000000085800000| Untracked 
|  45|0x0000000085900000, 0x0000000085900000, 0x0000000085a00000|  0%| F|  |TAMS 0x0000000085900000, 0x0000000085900000| Untracked 
|  46|0x0000000085a00000, 0x0000000085a00000, 0x0000000085b00000|  0%| F|  |TAMS 0x0000000085a00000, 0x0000000085a00000| Untracked 
|  47|0x0000000085b00000, 0x0000000085b00000, 0x0000000085c00000|  0%| F|  |TAMS 0x0000000085b00000, 0x0000000085b00000| Untracked 
|  48|0x0000000085c00000, 0x0000000085d00000, 0x0000000085d00000|100%| S|CS|TAMS 0x0000000085c00000, 0x0000000085c00000| Complete 
|  49|0x0000000085d00000, 0x0000000085e00000, 0x0000000085e00000|100%| S|CS|TAMS 0x0000000085d00000, 0x0000000085d00000| Complete 
|  50|0x0000000085e00000, 0x0000000085f00000, 0x0000000085f00000|100%| S|CS|TAMS 0x0000000085e00000, 0x0000000085e00000| Complete 
|  51|0x0000000085f00000, 0x0000000085f00000, 0x0000000086000000|  0%| F|  |TAMS 0x0000000085f00000, 0x0000000085f00000| Untracked 
|  52|0x0000000086000000, 0x0000000086000000, 0x0000000086100000|  0%| F|  |TAMS 0x0000000086000000, 0x0000000086000000| Untracked 
|  53|0x0000000086100000, 0x0000000086100000, 0x0000000086200000|  0%| F|  |TAMS 0x0000000086100000, 0x0000000086100000| Untracked 
|  54|0x0000000086200000, 0x0000000086200000, 0x0000000086300000|  0%| F|  |TAMS 0x0000000086200000, 0x0000000086200000| Untracked 
|  55|0x0000000086300000, 0x0000000086300000, 0x0000000086400000|  0%| F|  |TAMS 0x0000000086300000, 0x0000000086300000| Untracked 
|  56|0x0000000086400000, 0x0000000086400000, 0x0000000086500000|  0%| F|  |TAMS 0x0000000086400000, 0x0000000086400000| Untracked 
|  57|0x0000000086500000, 0x0000000086500000, 0x0000000086600000|  0%| F|  |TAMS 0x0000000086500000, 0x0000000086500000| Untracked 
|  58|0x0000000086600000, 0x0000000086600000, 0x0000000086700000|  0%| F|  |TAMS 0x0000000086600000, 0x0000000086600000| Untracked 
|  59|0x0000000086700000, 0x0000000086700000, 0x0000000086800000|  0%| F|  |TAMS 0x0000000086700000, 0x0000000086700000| Untracked 
|  60|0x0000000086800000, 0x0000000086800000, 0x0000000086900000|  0%| F|  |TAMS 0x0000000086800000, 0x0000000086800000| Untracked 
|  61|0x0000000086900000, 0x0000000086900000, 0x0000000086a00000|  0%| F|  |TAMS 0x0000000086900000, 0x0000000086900000| Untracked 
|  62|0x0000000086a00000, 0x0000000086a00000, 0x0000000086b00000|  0%| F|  |TAMS 0x0000000086a00000, 0x0000000086a00000| Untracked 
|  63|0x0000000086b00000, 0x0000000086b00000, 0x0000000086c00000|  0%| F|  |TAMS 0x0000000086b00000, 0x0000000086b00000| Untracked 
|  64|0x0000000086c00000, 0x0000000086c00000, 0x0000000086d00000|  0%| F|  |TAMS 0x0000000086c00000, 0x0000000086c00000| Untracked 
|  65|0x0000000086d00000, 0x0000000086d00000, 0x0000000086e00000|  0%| F|  |TAMS 0x0000000086d00000, 0x0000000086d00000| Untracked 
|  66|0x0000000086e00000, 0x0000000086e00000, 0x0000000086f00000|  0%| F|  |TAMS 0x0000000086e00000, 0x0000000086e00000| Untracked 
|  67|0x0000000086f00000, 0x0000000086f00000, 0x0000000087000000|  0%| F|  |TAMS 0x0000000086f00000, 0x0000000086f00000| Untracked 
|  68|0x0000000087000000, 0x0000000087000000, 0x0000000087100000|  0%| F|  |TAMS 0x0000000087000000, 0x0000000087000000| Untracked 
|  69|0x0000000087100000, 0x0000000087100000, 0x0000000087200000|  0%| F|  |TAMS 0x0000000087100000, 0x0000000087100000| Untracked 
|  70|0x0000000087200000, 0x0000000087200000, 0x0000000087300000|  0%| F|  |TAMS 0x0000000087200000, 0x0000000087200000| Untracked 
|  71|0x0000000087300000, 0x0000000087300000, 0x0000000087400000|  0%| F|  |TAMS 0x0000000087300000, 0x0000000087300000| Untracked 
|  72|0x0000000087400000, 0x0000000087400000, 0x0000000087500000|  0%| F|  |TAMS 0x0000000087400000, 0x0000000087400000| Untracked 
|  73|0x0000000087500000, 0x0000000087500000, 0x0000000087600000|  0%| F|  |TAMS 0x0000000087500000, 0x0000000087500000| Untracked 
|  74|0x0000000087600000, 0x0000000087680800, 0x0000000087700000| 50%| E|  |TAMS 0x0000000087600000, 0x0000000087600000| Complete 
|  75|0x0000000087700000, 0x0000000087800000, 0x0000000087800000|100%| E|CS|TAMS 0x0000000087700000, 0x0000000087700000| Complete 
|  76|0x0000000087800000, 0x0000000087900000, 0x0000000087900000|100%| E|CS|TAMS 0x0000000087800000, 0x0000000087800000| Complete 
|  77|0x0000000087900000, 0x0000000087a00000, 0x0000000087a00000|100%| E|CS|TAMS 0x0000000087900000, 0x0000000087900000| Complete 
|  78|0x0000000087a00000, 0x0000000087b00000, 0x0000000087b00000|100%| E|CS|TAMS 0x0000000087a00000, 0x0000000087a00000| Complete 
|  79|0x0000000087b00000, 0x0000000087c00000, 0x0000000087c00000|100%| E|CS|TAMS 0x0000000087b00000, 0x0000000087b00000| Complete 
|  80|0x0000000087c00000, 0x0000000087d00000, 0x0000000087d00000|100%| E|CS|TAMS 0x0000000087c00000, 0x0000000087c00000| Complete 
|  81|0x0000000087d00000, 0x0000000087e00000, 0x0000000087e00000|100%| E|CS|TAMS 0x0000000087d00000, 0x0000000087d00000| Complete 
|  82|0x0000000087e00000, 0x0000000087f00000, 0x0000000087f00000|100%| E|CS|TAMS 0x0000000087e00000, 0x0000000087e00000| Complete 
|  83|0x0000000087f00000, 0x0000000088000000, 0x0000000088000000|100%| E|CS|TAMS 0x0000000087f00000, 0x0000000087f00000| Complete 
|  84|0x0000000088000000, 0x0000000088100000, 0x0000000088100000|100%| E|CS|TAMS 0x0000000088000000, 0x0000000088000000| Complete 
|  85|0x0000000088100000, 0x0000000088200000, 0x0000000088200000|100%| E|CS|TAMS 0x0000000088100000, 0x0000000088100000| Complete 
|  86|0x0000000088200000, 0x0000000088300000, 0x0000000088300000|100%| E|CS|TAMS 0x0000000088200000, 0x0000000088200000| Complete 
|  87|0x0000000088300000, 0x0000000088400000, 0x0000000088400000|100%| E|CS|TAMS 0x0000000088300000, 0x0000000088300000| Complete 
|  88|0x0000000088400000, 0x0000000088500000, 0x0000000088500000|100%| E|CS|TAMS 0x0000000088400000, 0x0000000088400000| Complete 
|  89|0x0000000088500000, 0x0000000088600000, 0x0000000088600000|100%| E|  |TAMS 0x0000000088500000, 0x0000000088500000| Complete 
|  90|0x0000000088600000, 0x0000000088700000, 0x0000000088700000|100%| E|CS|TAMS 0x0000000088600000, 0x0000000088600000| Complete 
|  91|0x0000000088700000, 0x0000000088800000, 0x0000000088800000|100%| E|CS|TAMS 0x0000000088700000, 0x0000000088700000| Complete 
|  92|0x0000000088800000, 0x0000000088900000, 0x0000000088900000|100%| E|CS|TAMS 0x0000000088800000, 0x0000000088800000| Complete 
|  93|0x0000000088900000, 0x0000000088a00000, 0x0000000088a00000|100%| E|CS|TAMS 0x0000000088900000, 0x0000000088900000| Complete 
|  94|0x0000000088a00000, 0x0000000088b00000, 0x0000000088b00000|100%| E|CS|TAMS 0x0000000088a00000, 0x0000000088a00000| Complete 
|  95|0x0000000088b00000, 0x0000000088c00000, 0x0000000088c00000|100%| E|CS|TAMS 0x0000000088b00000, 0x0000000088b00000| Complete 
|  96|0x0000000088c00000, 0x0000000088d00000, 0x0000000088d00000|100%| E|CS|TAMS 0x0000000088c00000, 0x0000000088c00000| Complete 
|  97|0x0000000088d00000, 0x0000000088e00000, 0x0000000088e00000|100%| E|CS|TAMS 0x0000000088d00000, 0x0000000088d00000| Complete 
|  98|0x0000000088e00000, 0x0000000088f00000, 0x0000000088f00000|100%| E|CS|TAMS 0x0000000088e00000, 0x0000000088e00000| Complete 
|  99|0x0000000088f00000, 0x0000000089000000, 0x0000000089000000|100%| E|CS|TAMS 0x0000000088f00000, 0x0000000088f00000| Complete 
| 100|0x0000000089000000, 0x0000000089100000, 0x0000000089100000|100%| E|CS|TAMS 0x0000000089000000, 0x0000000089000000| Complete 
| 101|0x0000000089100000, 0x0000000089200000, 0x0000000089200000|100%| E|CS|TAMS 0x0000000089100000, 0x0000000089100000| Complete 
| 102|0x0000000089200000, 0x0000000089300000, 0x0000000089300000|100%| E|CS|TAMS 0x0000000089200000, 0x0000000089200000| Complete 
| 103|0x0000000089300000, 0x0000000089400000, 0x0000000089400000|100%| E|CS|TAMS 0x0000000089300000, 0x0000000089300000| Complete 
| 104|0x0000000089400000, 0x0000000089500000, 0x0000000089500000|100%| E|CS|TAMS 0x0000000089400000, 0x0000000089400000| Complete 
| 105|0x0000000089500000, 0x0000000089600000, 0x0000000089600000|100%| E|CS|TAMS 0x0000000089500000, 0x0000000089500000| Complete 
| 106|0x0000000089600000, 0x0000000089700000, 0x0000000089700000|100%| E|CS|TAMS 0x0000000089600000, 0x0000000089600000| Complete 
| 107|0x0000000089700000, 0x0000000089800000, 0x0000000089800000|100%| E|CS|TAMS 0x0000000089700000, 0x0000000089700000| Complete 
| 108|0x0000000089800000, 0x0000000089900000, 0x0000000089900000|100%| E|CS|TAMS 0x0000000089800000, 0x0000000089800000| Complete 
| 109|0x0000000089900000, 0x0000000089a00000, 0x0000000089a00000|100%| E|CS|TAMS 0x0000000089900000, 0x0000000089900000| Complete 
| 110|0x0000000089a00000, 0x0000000089b00000, 0x0000000089b00000|100%| E|CS|TAMS 0x0000000089a00000, 0x0000000089a00000| Complete 
| 111|0x0000000089b00000, 0x0000000089c00000, 0x0000000089c00000|100%| E|CS|TAMS 0x0000000089b00000, 0x0000000089b00000| Complete 
| 112|0x0000000089c00000, 0x0000000089d00000, 0x0000000089d00000|100%| E|CS|TAMS 0x0000000089c00000, 0x0000000089c00000| Complete 
| 113|0x0000000089d00000, 0x0000000089e00000, 0x0000000089e00000|100%| E|CS|TAMS 0x0000000089d00000, 0x0000000089d00000| Complete 
| 114|0x0000000089e00000, 0x0000000089f00000, 0x0000000089f00000|100%| E|CS|TAMS 0x0000000089e00000, 0x0000000089e00000| Complete 
| 115|0x0000000089f00000, 0x000000008a000000, 0x000000008a000000|100%| E|CS|TAMS 0x0000000089f00000, 0x0000000089f00000| Complete 
| 116|0x000000008a000000, 0x000000008a100000, 0x000000008a100000|100%| E|CS|TAMS 0x000000008a000000, 0x000000008a000000| Complete 
| 117|0x000000008a100000, 0x000000008a200000, 0x000000008a200000|100%| E|CS|TAMS 0x000000008a100000, 0x000000008a100000| Complete 
| 118|0x000000008a200000, 0x000000008a300000, 0x000000008a300000|100%| E|CS|TAMS 0x000000008a200000, 0x000000008a200000| Complete 
| 119|0x000000008a300000, 0x000000008a400000, 0x000000008a400000|100%| E|CS|TAMS 0x000000008a300000, 0x000000008a300000| Complete 
| 120|0x000000008a400000, 0x000000008a500000, 0x000000008a500000|100%| E|CS|TAMS 0x000000008a400000, 0x000000008a400000| Complete 
| 121|0x000000008a500000, 0x000000008a600000, 0x000000008a600000|100%| E|CS|TAMS 0x000000008a500000, 0x000000008a500000| Complete 
| 122|0x000000008a600000, 0x000000008a700000, 0x000000008a700000|100%| E|CS|TAMS 0x000000008a600000, 0x000000008a600000| Complete 
| 123|0x000000008a700000, 0x000000008a800000, 0x000000008a800000|100%| E|CS|TAMS 0x000000008a700000, 0x000000008a700000| Complete 
| 124|0x000000008a800000, 0x000000008a900000, 0x000000008a900000|100%| E|CS|TAMS 0x000000008a800000, 0x000000008a800000| Complete 
| 125|0x000000008a900000, 0x000000008aa00000, 0x000000008aa00000|100%| E|CS|TAMS 0x000000008a900000, 0x000000008a900000| Complete 

Card table byte_map: [0x0000025d65a80000,0x0000025d65e70000] _byte_map_base: 0x0000025d6566a000

Marking Bits (Prev, Next): (CMBitMap*) 0x0000025d4eeee640, (CMBitMap*) 0x0000025d4eeee680
 Prev Bits: [0x0000025d66260000, 0x0000025d681b0000)
 Next Bits: [0x0000025d681b0000, 0x0000025d6a100000)

Polling page: 0x0000025d4e670000

Metaspace:

Usage:
  Non-class:     11.34 MB used.
      Class:      1.59 MB used.
       Both:     12.94 MB used.

Virtual space:
  Non-class space:       16.00 MB reserved,      11.44 MB ( 71%) committed,  2 nodes.
      Class space:        1.00 GB reserved,       1.75 MB ( <1%) committed,  1 nodes.
             Both:        1.02 GB reserved,      13.19 MB (  1%) committed. 

Chunk freelists:
   Non-Class:  464.00 KB
       Class:  2.22 MB
        Both:  2.67 MB

MaxMetaspaceSize: unlimited
CompressedClassSpaceSize: 1.00 GB
Initial GC threshold: 21.00 MB
Current GC threshold: 21.00 MB
CDS: on
MetaspaceReclaimPolicy: balanced
 - commit_granule_bytes: 65536.
 - commit_granule_words: 8192.
 - virtual_space_node_default_size: 1048576.
 - enlarge_chunks_in_place: 1.
 - new_chunks_are_fully_committed: 0.
 - uncommit_free_chunks: 1.
 - use_allocation_guard: 0.
 - handle_deallocations: 1.


Internal statistics:

num_allocs_failed_limit: 0.
num_arena_births: 216.
num_arena_deaths: 0.
num_vsnodes_births: 3.
num_vsnodes_deaths: 0.
num_space_committed: 211.
num_space_uncommitted: 0.
num_chunks_returned_to_freelist: 0.
num_chunks_taken_from_freelist: 666.
num_chunk_merges: 0.
num_chunk_splits: 435.
num_chunks_enlarged: 318.
num_purges: 0.
num_inconsistent_stats: 0.

CodeHeap 'non-profiled nmethods': size=120000Kb used=890Kb max_used=890Kb free=119109Kb
 bounds [0x0000025d5e160000, 0x0000025d5e3d0000, 0x0000025d65690000]
CodeHeap 'profiled nmethods': size=120000Kb used=4741Kb max_used=4741Kb free=115258Kb
 bounds [0x0000025d56c30000, 0x0000025d570e0000, 0x0000025d5e160000]
CodeHeap 'non-nmethods': size=5760Kb used=1178Kb max_used=1233Kb free=4581Kb
 bounds [0x0000025d56690000, 0x0000025d56900000, 0x0000025d56c30000]
 total_blobs=2799 nmethods=2328 adapters=384
 compilation: enabled
              stopped_count=0, restarted_count=0
 full_count=0

Compilation events (20 events):
Event: 3.701 Thread 0x0000025d6c5a64b0 2299       3       java.lang.Class::getConstructor0 (83 bytes)
Event: 3.703 Thread 0x0000025d6c5a64b0 nmethod 2299 0x0000025d570b5c90 code [0x0000025d570b5f00, 0x0000025d570b6978]
Event: 3.705 Thread 0x0000025d6c5a64b0 2301       3       java.util.stream.Nodes::builder (8 bytes)
Event: 3.705 Thread 0x0000025d6c5a64b0 nmethod 2301 0x0000025d570b6e10 code [0x0000025d570b6fc0, 0x0000025d570b7398]
Event: 3.705 Thread 0x0000025d6c5a64b0 2302       3       java.util.stream.Nodes$SpinedNodeBuilder::<init> (10 bytes)
Event: 3.705 Thread 0x0000025d6c5a64b0 nmethod 2302 0x0000025d570b7510 code [0x0000025d570b76c0, 0x0000025d570b79f8]
Event: 3.705 Thread 0x0000025d6c5a64b0 2303       3       java.util.stream.Nodes$SpinedNodeBuilder::begin (38 bytes)
Event: 3.706 Thread 0x0000025d6c5a64b0 nmethod 2303 0x0000025d570b7b10 code [0x0000025d570b7cc0, 0x0000025d570b7ed8]
Event: 3.708 Thread 0x0000025d6c5a64b0 2304       3       org.springframework.boot.autoconfigure.condition.ConditionMessage::<init> (6 bytes)
Event: 3.709 Thread 0x0000025d6c5a64b0 nmethod 2304 0x0000025d570b7f90 code [0x0000025d570b8140, 0x0000025d570b8338]
Event: 3.709 Thread 0x0000025d6c5a64b0 2305       3       org.springframework.boot.autoconfigure.condition.ConditionMessage::<init> (10 bytes)
Event: 3.709 Thread 0x0000025d6c5a64b0 nmethod 2305 0x0000025d570b8410 code [0x0000025d570b85a0, 0x0000025d570b8758]
Event: 3.709 Thread 0x0000025d6c5a64b0 2307       3       org.springframework.beans.factory.support.AbstractBeanFactory::getMergedLocalBeanDefinition (38 bytes)
Event: 3.710 Thread 0x0000025d6c5a64b0 nmethod 2307 0x0000025d570b8810 code [0x0000025d570b8a00, 0x0000025d570b8f88]
Event: 3.710 Thread 0x0000025d6c5a64b0 2306       3       org.springframework.beans.factory.support.AbstractBeanFactory::isTypeMatch (745 bytes)
Event: 3.718 Thread 0x0000025d6c5a64b0 nmethod 2306 0x0000025d570b9110 code [0x0000025d570b98e0, 0x0000025d570bf6b8]
Event: 3.718 Thread 0x0000025d6c5a64b0 2308       3       org.springframework.beans.factory.support.AbstractBeanDefinition::hasBeanClass (8 bytes)
Event: 3.718 Thread 0x0000025d6c5a64b0 nmethod 2308 0x0000025d570c0e10 code [0x0000025d570c0fa0, 0x0000025d570c11b8]
Event: 3.718 Thread 0x0000025d6c5a64b0 2309       3       org.springframework.core.ResolvableType$1::isAssignableFrom (24 bytes)
Event: 3.718 Thread 0x0000025d6c5a64b0 nmethod 2309 0x0000025d570c1290 code [0x0000025d570c1440, 0x0000025d570c1608]

GC Heap History (8 events):
Event: 0.943 GC heap before
{Heap before GC invocations=0 (full 0):
 garbage-first heap   total 129024K, used 13312K [0x0000000082c00000, 0x0000000100000000)
  region size 1024K, 13 young (13312K), 0 survivors (0K)
 Metaspace       used 3347K, committed 3520K, reserved 1056768K
  class space    used 349K, committed 448K, reserved 1048576K
}
Event: 0.949 GC heap after
{Heap after GC invocations=1 (full 0):
 garbage-first heap   total 129024K, used 5220K [0x0000000082c00000, 0x0000000100000000)
  region size 1024K, 2 young (2048K), 2 survivors (2048K)
 Metaspace       used 3347K, committed 3520K, reserved 1056768K
  class space    used 349K, committed 448K, reserved 1048576K
}
Event: 1.694 GC heap before
{Heap before GC invocations=1 (full 0):
 garbage-first heap   total 129024K, used 18532K [0x0000000082c00000, 0x0000000100000000)
  region size 1024K, 15 young (15360K), 2 survivors (2048K)
 Metaspace       used 7084K, committed 7296K, reserved 1056768K
  class space    used 858K, committed 960K, reserved 1048576K
}
Event: 1.701 GC heap after
{Heap after GC invocations=2 (full 0):
 garbage-first heap   total 129024K, used 6862K [0x0000000082c00000, 0x0000000100000000)
  region size 1024K, 2 young (2048K), 2 survivors (2048K)
 Metaspace       used 7084K, committed 7296K, reserved 1056768K
  class space    used 858K, committed 960K, reserved 1048576K
}
Event: 2.700 GC heap before
{Heap before GC invocations=2 (full 0):
 garbage-first heap   total 129024K, used 32462K [0x0000000082c00000, 0x0000000100000000)
  region size 1024K, 28 young (28672K), 2 survivors (2048K)
 Metaspace       used 11182K, committed 11328K, reserved 1064960K
  class space    used 1408K, committed 1472K, reserved 1048576K
}
Event: 2.706 GC heap after
{Heap after GC invocations=3 (full 0):
 garbage-first heap   total 129024K, used 8182K [0x0000000082c00000, 0x0000000100000000)
  region size 1024K, 3 young (3072K), 3 survivors (3072K)
 Metaspace       used 11182K, committed 11328K, reserved 1064960K
  class space    used 1408K, committed 1472K, reserved 1048576K
}
Event: 2.816 GC heap before
{Heap before GC invocations=3 (full 0):
 garbage-first heap   total 129024K, used 80886K [0x0000000082c00000, 0x0000000100000000)
  region size 1024K, 75 young (76800K), 3 survivors (3072K)
 Metaspace       used 11343K, committed 11584K, reserved 1064960K
  class space    used 1417K, committed 1536K, reserved 1048576K
}
Event: 2.824 GC heap after
{Heap after GC invocations=4 (full 0):
 garbage-first heap   total 129024K, used 8405K [0x0000000082c00000, 0x0000000100000000)
  region size 1024K, 3 young (3072K), 3 survivors (3072K)
 Metaspace       used 11343K, committed 11584K, reserved 1064960K
  class space    used 1417K, committed 1536K, reserved 1048576K
}

Deoptimization events (20 events):
Event: 3.627 Thread 0x0000025d4eeaf4e0 Uncommon trap: trap_request=0xffffffde fr.pc=0x0000025d5e178a98 relative=0x0000000000000198
Event: 3.627 Thread 0x0000025d4eeaf4e0 Uncommon trap: reason=class_check action=maybe_recompile pc=0x0000025d5e178a98 method=java.lang.String.equals(Ljava/lang/Object;)Z @ 8 c2
Event: 3.627 Thread 0x0000025d4eeaf4e0 DEOPT PACKING pc=0x0000025d5e178a98 sp=0x0000007a0d1fe790
Event: 3.627 Thread 0x0000025d4eeaf4e0 DEOPT UNPACKING pc=0x0000025d566e239d sp=0x0000007a0d1fe728 mode 2
Event: 3.627 Thread 0x0000025d4eeaf4e0 Uncommon trap: trap_request=0xffffffde fr.pc=0x0000025d5e178a98 relative=0x0000000000000198
Event: 3.627 Thread 0x0000025d4eeaf4e0 Uncommon trap: reason=class_check action=maybe_recompile pc=0x0000025d5e178a98 method=java.lang.String.equals(Ljava/lang/Object;)Z @ 8 c2
Event: 3.627 Thread 0x0000025d4eeaf4e0 DEOPT PACKING pc=0x0000025d5e178a98 sp=0x0000007a0d1fe790
Event: 3.627 Thread 0x0000025d4eeaf4e0 DEOPT UNPACKING pc=0x0000025d566e239d sp=0x0000007a0d1fe728 mode 2
Event: 3.629 Thread 0x0000025d4eeaf4e0 Uncommon trap: trap_request=0xffffffde fr.pc=0x0000025d5e178a98 relative=0x0000000000000198
Event: 3.629 Thread 0x0000025d4eeaf4e0 Uncommon trap: reason=class_check action=maybe_recompile pc=0x0000025d5e178a98 method=java.lang.String.equals(Ljava/lang/Object;)Z @ 8 c2
Event: 3.629 Thread 0x0000025d4eeaf4e0 DEOPT PACKING pc=0x0000025d5e178a98 sp=0x0000007a0d1fe420
Event: 3.629 Thread 0x0000025d4eeaf4e0 DEOPT UNPACKING pc=0x0000025d566e239d sp=0x0000007a0d1fe3b8 mode 2
Event: 3.641 Thread 0x0000025d4eeaf4e0 Uncommon trap: trap_request=0xffffffc6 fr.pc=0x0000025d5e221e94 relative=0x0000000000001b34
Event: 3.641 Thread 0x0000025d4eeaf4e0 Uncommon trap: reason=bimorphic_or_optimized_type_check action=maybe_recompile pc=0x0000025d5e221e94 method=java.util.HashMap.putVal(ILjava/lang/Object;Ljava/lang/Object;ZZ)Ljava/lang/Object; @ 91 c2
Event: 3.641 Thread 0x0000025d4eeaf4e0 DEOPT PACKING pc=0x0000025d5e221e94 sp=0x0000007a0d1fe6d0
Event: 3.641 Thread 0x0000025d4eeaf4e0 DEOPT UNPACKING pc=0x0000025d566e239d sp=0x0000007a0d1fe598 mode 2
Event: 3.642 Thread 0x0000025d4eeaf4e0 Uncommon trap: trap_request=0xffffffc6 fr.pc=0x0000025d5e221e94 relative=0x0000000000001b34
Event: 3.642 Thread 0x0000025d4eeaf4e0 Uncommon trap: reason=bimorphic_or_optimized_type_check action=maybe_recompile pc=0x0000025d5e221e94 method=java.util.HashMap.putVal(ILjava/lang/Object;Ljava/lang/Object;ZZ)Ljava/lang/Object; @ 91 c2
Event: 3.642 Thread 0x0000025d4eeaf4e0 DEOPT PACKING pc=0x0000025d5e221e94 sp=0x0000007a0d1fe760
Event: 3.642 Thread 0x0000025d4eeaf4e0 DEOPT UNPACKING pc=0x0000025d566e239d sp=0x0000007a0d1fe628 mode 2

Classes unloaded (0 events):
No events

Classes redefined (0 events):
No events

Internal exceptions (20 events):
Event: 1.747 Thread 0x0000025d4eeaf4e0 Exception <a 'java/lang/NoSuchMethodError'{0x000000008a942a38}: 'void java.lang.invoke.DirectMethodHandle$Holder.invokeInterface(java.lang.Object, java.lang.Object, java.lang.Object)'> (0x000000008a942a38) 
thrown [t:\workspace\open\src\hotspot\share\interpreter\linkResolver.cpp, line 766]
Event: 1.814 Thread 0x0000025d4eeaf4e0 Exception <a 'java/lang/NoSuchMethodError'{0x000000008a9f1590}: 'void java.lang.invoke.DirectMethodHandle$Holder.invokeStaticInit(java.lang.Object, java.lang.Object, java.lang.Object)'> (0x000000008a9f1590) 
thrown [t:\workspace\open\src\hotspot\share\interpreter\linkResolver.cpp, line 766]
Event: 1.831 Thread 0x0000025d4eeaf4e0 Exception <a 'java/lang/NoSuchMethodError'{0x000000008a8389b8}: 'java.lang.Object java.lang.invoke.DirectMethodHandle$Holder.invokeStatic(java.lang.Object, java.lang.Object, long, java.lang.Object)'> (0x000000008a8389b8) 
thrown [t:\workspace\open\src\hotspot\share\interpreter\linkResolver.cpp, line 766]
Event: 1.832 Thread 0x0000025d4eeaf4e0 Exception <a 'java/lang/NoSuchMethodError'{0x000000008a83c450}: 'java.lang.Object java.lang.invoke.DirectMethodHandle$Holder.invokeStaticInit(java.lang.Object, java.lang.Object, long, java.lang.Object)'> (0x000000008a83c450) 
thrown [t:\workspace\open\src\hotspot\share\interpreter\linkResolver.cpp, line 766]
Event: 1.834 Thread 0x0000025d4eeaf4e0 Exception <a 'java/lang/NoSuchMethodError'{0x000000008a842b90}: 'java.lang.Object java.lang.invoke.DirectMethodHandle$Holder.newInvokeSpecial(java.lang.Object, java.lang.Object, long)'> (0x000000008a842b90) 
thrown [t:\workspace\open\src\hotspot\share\interpreter\linkResolver.cpp, line 766]
Event: 1.834 Thread 0x0000025d4eeaf4e0 Exception <a 'java/lang/NoSuchMethodError'{0x000000008a846700}: 'java.lang.Object java.lang.invoke.Invokers$Holder.linkToTargetMethod(java.lang.Object, long, java.lang.Object)'> (0x000000008a846700) 
thrown [t:\workspace\open\src\hotspot\share\interpreter\linkResolver.cpp, line 766]
Event: 1.891 Thread 0x0000025d4eeaf4e0 Exception <a 'java/lang/NoSuchMethodError'{0x000000008a8a1c38}: 'void java.lang.invoke.DirectMethodHandle$Holder.invokeVirtual(java.lang.Object, java.lang.Object, java.lang.Object, java.lang.Object)'> (0x000000008a8a1c38) 
thrown [t:\workspace\open\src\hotspot\share\interpreter\linkResolver.cpp, line 766]
Event: 1.993 Thread 0x0000025d4eeaf4e0 Exception <a 'java/lang/NoSuchMethodError'{0x000000008a7fe340}: 'void java.lang.invoke.DirectMethodHandle$Holder.invokeSpecial(java.lang.Object, java.lang.Object, java.lang.Object)'> (0x000000008a7fe340) 
thrown [t:\workspace\open\src\hotspot\share\interpreter\linkResolver.cpp, line 766]
Event: 2.014 Thread 0x0000025d6dbb5410 Exception <a 'java/lang/NoClassDefFoundError'{0x000000008a696990}: jakarta/validation/Validation> (0x000000008a696990) 
thrown [t:\workspace\open\src\hotspot\share\classfile\systemDictionary.cpp, line 245]
Event: 2.015 Thread 0x0000025d6dbb5410 Exception <a 'java/lang/NoClassDefFoundError'{0x000000008a699fa8}: org/springframework/http/converter/support/AllEncompassingFormHttpMessageConverter> (0x000000008a699fa8) 
thrown [t:\workspace\open\src\hotspot\share\classfile\systemDictionary.cpp, line 245]
Event: 2.017 Thread 0x0000025d6dbb5410 Exception <a 'java/lang/NoClassDefFoundError'{0x000000008a69d4b0}: org/springframework/http/converter/json/Jackson2ObjectMapperBuilder> (0x000000008a69d4b0) 
thrown [t:\workspace\open\src\hotspot\share\classfile\systemDictionary.cpp, line 245]
Event: 2.020 Thread 0x0000025d6dbb5410 Exception <a 'java/lang/NoClassDefFoundError'{0x000000008a6a2678}: org/apache/tomcat/util/http/Rfc6265CookieProcessor> (0x000000008a6a2678) 
thrown [t:\workspace\open\src\hotspot\share\classfile\systemDictionary.cpp, line 245]
Event: 2.021 Thread 0x0000025d4eeaf4e0 Exception <a 'java/lang/IncompatibleClassChangeError'{0x000000008a62fed0}: Found class java.lang.Object, but interface was expected> (0x000000008a62fed0) 
thrown [t:\workspace\open\src\hotspot\share\interpreter\linkResolver.cpp, line 833]
Event: 2.501 Thread 0x0000025d4eeaf4e0 Exception <a 'java/lang/NoSuchMethodError'{0x0000000089d6dea8}: 'java.lang.Object java.lang.invoke.DirectMethodHandle$Holder.invokeVirtual(java.lang.Object, java.lang.Object, java.lang.Object)'> (0x0000000089d6dea8) 
thrown [t:\workspace\open\src\hotspot\share\interpreter\linkResolver.cpp, line 766]
Event: 2.510 Thread 0x0000025d4eeaf4e0 Exception <a 'sun/nio/fs/WindowsException'{0x0000000089d821b8}> (0x0000000089d821b8) 
thrown [t:\workspace\open\src\hotspot\share\prims\jni.cpp, line 516]
Event: 2.511 Thread 0x0000025d4eeaf4e0 Exception <a 'java/lang/NoSuchMethodError'{0x0000000089d839c8}: 'int java.lang.invoke.DirectMethodHandle$Holder.invokeSpecial(java.lang.Object, java.lang.Object, java.lang.Object, java.lang.Object, java.lang.Object)'> (0x0000000089d839c8) 
thrown [t:\workspace\open\src\hotspot\share\interpreter\linkResolver.cpp, line 766]
Event: 2.515 Thread 0x0000025d4eeaf4e0 Exception <a 'java/lang/NoSuchMethodError'{0x0000000089d8c618}: 'void java.lang.invoke.DirectMethodHandle$Holder.invokeVirtual(java.lang.Object, java.lang.Object)'> (0x0000000089d8c618) 
thrown [t:\workspace\open\src\hotspot\share\interpreter\linkResolver.cpp, line 766]
Event: 2.694 Thread 0x0000025d6e38e510 Exception <a 'java/lang/NoClassDefFoundError'{0x0000000089039ff8}: org/springframework/web/method/support/HandlerMethodArgumentResolver> (0x0000000089039ff8) 
thrown [t:\workspace\open\src\hotspot\share\classfile\systemDictionary.cpp, line 245]
Event: 2.909 Thread 0x0000025d4eeaf4e0 Exception <a 'java/lang/IncompatibleClassChangeError'{0x000000008826ee38}: Found class java.lang.Object, but interface was expected> (0x000000008826ee38) 
thrown [t:\workspace\open\src\hotspot\share\interpreter\linkResolver.cpp, line 833]
Event: 3.090 Thread 0x0000025d4eeaf4e0 Exception <a 'sun/nio/fs/WindowsException'{0x0000000087f49518}> (0x0000000087f49518) 
thrown [t:\workspace\open\src\hotspot\share\prims\jni.cpp, line 516]

VM Operations (20 events):
Event: 1.597 Executing VM operation: HandshakeAllThreads
Event: 1.597 Executing VM operation: HandshakeAllThreads done
Event: 1.694 Executing VM operation: G1CollectForAllocation
Event: 1.701 Executing VM operation: G1CollectForAllocation done
Event: 1.979 Executing VM operation: HandshakeAllThreads
Event: 1.979 Executing VM operation: HandshakeAllThreads done
Event: 1.987 Executing VM operation: HandshakeAllThreads
Event: 1.987 Executing VM operation: HandshakeAllThreads done
Event: 1.988 Executing VM operation: HandshakeAllThreads
Event: 1.988 Executing VM operation: HandshakeAllThreads done
Event: 2.347 Executing VM operation: HandshakeAllThreads
Event: 2.348 Executing VM operation: HandshakeAllThreads done
Event: 2.465 Executing VM operation: HandshakeAllThreads
Event: 2.465 Executing VM operation: HandshakeAllThreads done
Event: 2.699 Executing VM operation: G1CollectForAllocation
Event: 2.707 Executing VM operation: G1CollectForAllocation done
Event: 2.816 Executing VM operation: G1CollectForAllocation
Event: 2.824 Executing VM operation: G1CollectForAllocation done
Event: 3.663 Executing VM operation: ICBufferFull
Event: 3.663 Executing VM operation: ICBufferFull done

Events (20 events):
Event: 3.084 loading class com/sun/naming/internal/VersionHelper
Event: 3.084 loading class com/sun/naming/internal/VersionHelper done
Event: 3.088 loading class com/sun/naming/internal/VersionHelper$InputStreamEnumeration
Event: 3.088 loading class javax/naming/NamingEnumeration
Event: 3.088 loading class javax/naming/NamingEnumeration done
Event: 3.088 loading class com/sun/naming/internal/VersionHelper$InputStreamEnumeration done
Event: 3.090 loading class java/util/Hashtable$KeySet
Event: 3.091 loading class java/util/Hashtable$KeySet done
Event: 3.091 loading class javax/naming/spi/NamingManager
Event: 3.091 loading class javax/naming/spi/NamingManager done
Event: 3.091 loading class javax/naming/NoInitialContextException
Event: 3.092 loading class javax/naming/NoInitialContextException done
Event: 3.149 loading class java/beans/PropertyVetoException
Event: 3.149 loading class java/beans/PropertyVetoException done
Event: 3.266 loading class java/nio/charset/CharacterCodingException
Event: 3.267 loading class java/nio/charset/CharacterCodingException done
Event: 3.732 loading class java/lang/UnsupportedClassVersionError
Event: 3.732 loading class java/lang/ClassFormatError
Event: 3.732 loading class java/lang/ClassFormatError done
Event: 3.732 loading class java/lang/UnsupportedClassVersionError done


Dynamic libraries:
0x00007ff77edc0000 - 0x00007ff77edce000 	C:\Program Files\jdk-17\bin\java.exe
0x00007ffdee650000 - 0x00007ffdee867000 	C:\WINDOWS\SYSTEM32\ntdll.dll
0x00007ffdecdc0000 - 0x00007ffdece84000 	C:\WINDOWS\System32\KERNEL32.DLL
0x00007ffdeb980000 - 0x00007ffdebd2c000 	C:\WINDOWS\System32\KERNELBASE.dll
0x00007ffdebdd0000 - 0x00007ffdebee1000 	C:\WINDOWS\System32\ucrtbase.dll
0x00007ffdd2f20000 - 0x00007ffdd2f3a000 	C:\Program Files\jdk-17\bin\VCRUNTIME140.dll
0x00007ffdc1590000 - 0x00007ffdc15a8000 	C:\Program Files\jdk-17\bin\jli.dll
0x00007ffded910000 - 0x00007ffdedabe000 	C:\WINDOWS\System32\USER32.dll
0x00007ffdec2e0000 - 0x00007ffdec306000 	C:\WINDOWS\System32\win32u.dll
0x00007ffdee4e0000 - 0x00007ffdee509000 	C:\WINDOWS\System32\GDI32.dll
0x00007ffdebef0000 - 0x00007ffdec009000 	C:\WINDOWS\System32\gdi32full.dll
0x00007ffdebd30000 - 0x00007ffdebdca000 	C:\WINDOWS\System32\msvcp_win.dll
0x00007ffdd6910000 - 0x00007ffdd6ba3000 	C:\WINDOWS\WinSxS\amd64_microsoft.windows.common-controls_6595b64144ccf1df_6.0.22621.3672_none_2713b9d173822955\COMCTL32.dll
0x00007ffdedac0000 - 0x00007ffdedb67000 	C:\WINDOWS\System32\msvcrt.dll
0x00007ffded040000 - 0x00007ffded071000 	C:\WINDOWS\System32\IMM32.DLL
0x00007ffdd2f10000 - 0x00007ffdd2f1c000 	C:\Program Files\jdk-17\bin\vcruntime140_1.dll
0x00007ffd7f2a0000 - 0x00007ffd7f32d000 	C:\Program Files\jdk-17\bin\msvcp140.dll
0x00007ffd5eec0000 - 0x00007ffd5fa7e000 	C:\Program Files\jdk-17\bin\server\jvm.dll
0x00007ffdecb70000 - 0x00007ffdecc22000 	C:\WINDOWS\System32\ADVAPI32.dll
0x00007ffdec390000 - 0x00007ffdec43a000 	C:\WINDOWS\System32\sechost.dll
0x00007ffdec2b0000 - 0x00007ffdec2d8000 	C:\WINDOWS\System32\bcrypt.dll
0x00007ffdec5a0000 - 0x00007ffdec6b5000 	C:\WINDOWS\System32\RPCRT4.dll
0x00007ffded900000 - 0x00007ffded908000 	C:\WINDOWS\System32\PSAPI.DLL
0x00007ffde8ce0000 - 0x00007ffde8ce9000 	C:\WINDOWS\SYSTEM32\WSOCK32.dll
0x00007ffdd6040000 - 0x00007ffdd6074000 	C:\WINDOWS\SYSTEM32\WINMM.dll
0x00007ffdee380000 - 0x00007ffdee3f1000 	C:\WINDOWS\System32\WS2_32.dll
0x00007ffdde4b0000 - 0x00007ffdde4ba000 	C:\WINDOWS\SYSTEM32\VERSION.dll
0x00007ffdea970000 - 0x00007ffdea988000 	C:\WINDOWS\SYSTEM32\kernel.appcore.dll
0x00007ffdcea40000 - 0x00007ffdcea4a000 	C:\Program Files\jdk-17\bin\jimage.dll
0x00007ffde0260000 - 0x00007ffde0492000 	C:\WINDOWS\SYSTEM32\DBGHELP.DLL
0x00007ffdedbd0000 - 0x00007ffdedf58000 	C:\WINDOWS\System32\combase.dll
0x00007ffdee400000 - 0x00007ffdee4d7000 	C:\WINDOWS\System32\OLEAUT32.dll
0x00007ffddf100000 - 0x00007ffddf132000 	C:\WINDOWS\SYSTEM32\dbgcore.DLL
0x00007ffdec310000 - 0x00007ffdec38b000 	C:\WINDOWS\System32\bcryptPrimitives.dll
0x00007ffddecc0000 - 0x00007ffddecce000 	C:\Program Files\jdk-17\bin\instrument.dll
0x00007ffdc02f0000 - 0x00007ffdc0315000 	C:\Program Files\jdk-17\bin\java.dll
0x00007ffd616f0000 - 0x00007ffd617c6000 	C:\Program Files\jdk-17\bin\svml.dll
0x00007ffded080000 - 0x00007ffded8dc000 	C:\WINDOWS\System32\SHELL32.dll
0x00007ffde9880000 - 0x00007ffdea177000 	C:\WINDOWS\SYSTEM32\windows.storage.dll
0x00007ffde9740000 - 0x00007ffde987f000 	C:\WINDOWS\SYSTEM32\wintypes.dll
0x00007ffdee510000 - 0x00007ffdee604000 	C:\WINDOWS\System32\SHCORE.dll
0x00007ffdedb70000 - 0x00007ffdedbce000 	C:\WINDOWS\System32\shlwapi.dll
0x00007ffdeb8b0000 - 0x00007ffdeb8d1000 	C:\WINDOWS\SYSTEM32\profapi.dll
0x00007ffdbdf30000 - 0x00007ffdbdf48000 	C:\Program Files\jdk-17\bin\zip.dll
0x00007ffdc1270000 - 0x00007ffdc1289000 	C:\Program Files\jdk-17\bin\net.dll
0x00007ffddfdf0000 - 0x00007ffddff26000 	C:\WINDOWS\SYSTEM32\WINHTTP.dll
0x00007ffdeadf0000 - 0x00007ffdeae59000 	C:\WINDOWS\system32\mswsock.dll
0x00007ffdc04a0000 - 0x00007ffdc04b5000 	C:\Program Files\jdk-17\bin\nio.dll
0x00007ffdc2460000 - 0x00007ffdc247a000 	C:\Program Files (x86)\JetBrains\IntelliJ IDEA Community Edition 2024.1.2\bin\breakgen64.dll

dbghelp: loaded successfully - version: 4.0.5 - missing functions: none
symbol engine: initialized successfully - sym options: 0x614 - pdb path: .;C:\Program Files\jdk-17\bin;C:\WINDOWS\SYSTEM32;C:\WINDOWS\WinSxS\amd64_microsoft.windows.common-controls_6595b64144ccf1df_6.0.22621.3672_none_2713b9d173822955;C:\Program Files\jdk-17\bin\server;C:\Program Files (x86)\JetBrains\IntelliJ IDEA Community Edition 2024.1.2\bin

VM Arguments:
jvm_args: -javaagent:C:\Program Files (x86)\JetBrains\IntelliJ IDEA Community Edition 2024.1.2\lib\idea_rt.jar=63111:C:\Program Files (x86)\JetBrains\IntelliJ IDEA Community Edition 2024.1.2\bin -Dfile.encoding=UTF-8 
java_command: com.jimsimrodev.librosAPI.LibrosApiApplication
java_class_path (initial): D:\work\librosAPI\target\classes;C:\Users\jhoan\.m2\repository\org\springframework\boot\spring-boot-starter-data-jpa\3.3.1\spring-boot-starter-data-jpa-3.3.1.jar;C:\Users\jhoan\.m2\repository\org\springframework\boot\spring-boot-starter-aop\3.3.1\spring-boot-starter-aop-3.3.1.jar;C:\Users\jhoan\.m2\repository\org\springframework\spring-aop\6.1.10\spring-aop-6.1.10.jar;C:\Users\jhoan\.m2\repository\org\aspectj\aspectjweaver\1.9.22\aspectjweaver-1.9.22.jar;C:\Users\jhoan\.m2\repository\org\springframework\boot\spring-boot-starter-jdbc\3.3.1\spring-boot-starter-jdbc-3.3.1.jar;C:\Users\jhoan\.m2\repository\com\zaxxer\HikariCP\5.1.0\HikariCP-5.1.0.jar;C:\Users\jhoan\.m2\repository\org\springframework\spring-jdbc\6.1.10\spring-jdbc-6.1.10.jar;C:\Users\jhoan\.m2\repository\org\hibernate\orm\hibernate-core\6.5.2.Final\hibernate-core-6.5.2.Final.jar;C:\Users\jhoan\.m2\repository\jakarta\persistence\jakarta.persistence-api\3.1.0\jakarta.persistence-api-3.1.0.jar;C:\Users\jhoan\.m2\repository\jakarta\transaction\jakarta.transaction-api\2.0.1\jakarta.transaction-api-2.0.1.jar;C:\Users\jhoan\.m2\repository\org\jboss\logging\jboss-logging\3.5.3.Final\jboss-logging-3.5.3.Final.jar;C:\Users\jhoan\.m2\repository\org\hibernate\common\hibernate-commons-annotations\6.0.6.Final\hibernate-commons-annotations-6.0.6.Final.jar;C:\Users\jhoan\.m2\repository\io\smallrye\jandex\3.1.2\jandex-3.1.2.jar;C:\Users\jhoan\.m2\repository\com\fasterxml\classmate\1.7.0\classmate-1.7.0.jar;C:\Users\jhoan\.m2\repository\net\bytebuddy\byte-buddy\1.14.17\byte-buddy-1.14.17.jar;C:\Users\jhoan\.m2\repository\org\glassfish\jaxb\jaxb-runtime\4.0.5\jaxb-runtime-4.0.5.jar;C:\Users\jhoan\.m2\repository\org\glassfish\jaxb\jaxb-core\4.0.5\jaxb-core-4.0.5.jar;C:\Users\jhoan\.m2\repository\org\eclipse\angus\angus-activation\2.0.2\angus-activation-2.0.2.jar;C:\Users\jhoan\.m2\repository\org\glassfish\jaxb\txw2\4.0.5\txw2-4.0.5.jar;C:\Users\jhoan\.m2\repository\com\sun\istack\istack-commons-
Launcher Type: SUN_STANDARD

[Global flags]
     intx CICompilerCount                          = 3                                         {product} {ergonomic}
     uint ConcGCThreads                            = 1                                         {product} {ergonomic}
     uint G1ConcRefinementThreads                  = 4                                         {product} {ergonomic}
   size_t G1HeapRegionSize                         = 1048576                                   {product} {ergonomic}
    uintx GCDrainStackTargetSize                   = 64                                        {product} {ergonomic}
   size_t InitialHeapSize                          = 132120576                                 {product} {ergonomic}
   size_t MarkStackSize                            = 4194304                                   {product} {ergonomic}
   size_t MaxHeapSize                              = 2101346304                                {product} {ergonomic}
   size_t MaxNewSize                               = 1260388352                                {product} {ergonomic}
   size_t MinHeapDeltaBytes                        = 1048576                                   {product} {ergonomic}
   size_t MinHeapSize                              = 8388608                                   {product} {ergonomic}
    uintx NonNMethodCodeHeapSize                   = 5832780                                {pd product} {ergonomic}
    uintx NonProfiledCodeHeapSize                  = 122912730                              {pd product} {ergonomic}
    uintx ProfiledCodeHeapSize                     = 122912730                              {pd product} {ergonomic}
    uintx ReservedCodeCacheSize                    = 251658240                              {pd product} {ergonomic}
     bool SegmentedCodeCache                       = true                                      {product} {ergonomic}
   size_t SoftMaxHeapSize                          = 2101346304                             {manageable} {ergonomic}
     bool UseCompressedClassPointers               = true                           {product lp64_product} {ergonomic}
     bool UseCompressedOops                        = true                           {product lp64_product} {ergonomic}
     bool UseG1GC                                  = true                                      {product} {ergonomic}
     bool UseLargePagesIndividualAllocation        = false                                  {pd product} {ergonomic}

Logging:
Log output configuration:
 #0: stdout all=warning uptime,level,tags
 #1: stderr all=off uptime,level,tags

Environment Variables:
JAVA_HOME=C:\Program Files\jdk-17
PATH=C:\WINDOWS\system32;C:\WINDOWS;C:\WINDOWS\System32\Wbem;C:\WINDOWS\System32\WindowsPowerShell\v1.0\;C:\WINDOWS\System32\OpenSSH\;C:\Program Files\jdk-17\bin;C:\Program Files\WezTerm;C:\Program Files\Git\cmd;C:\Program Files\nodejs\;C:\xampp\php;C:\ProgramData\ComposerSetup\bin;C:\Program Files\MySQL\MySQL Shell 8.0\bin\;C:\Users\jhoan\AppData\Local\Microsoft\WindowsApps;C:\Users\jhoan\AppData\Local\Programs\Microsoft VS Code\bin;C:\Users\jhoan\AppData\Local\Programs\oh-my-posh\bin;C:\Users\jhoan\AppData\Roaming\npm;C:\Users\jhoan\AppData\Local\Microsoft\WinGet\Packages\Schniz.fnm_Microsoft.Winget.Source_8wekyb3d8bbwe;C:\Users\jhoan\AppData\Roaming\Composer\vendor\bin;
USERNAME=jhoan
OS=Windows_NT
PROCESSOR_IDENTIFIER=Intel64 Family 6 Model 142 Stepping 12, GenuineIntel



---------------  S Y S T E M  ---------------

OS:
 Windows 10 , 64 bit Build 22621 (10.0.22621.3672)
OS uptime: 0 days 13:28 hours
Hyper-V role detected

CPU: total 4 (initial active 4) (2 cores per cpu, 2 threads per core) family 6 model 142 stepping 12 microcode 0xf8, cx8, cmov, fxsr, ht, mmx, 3dnowpref, sse, sse2, sse3, ssse3, sse4.1, sse4.2, popcnt, lzcnt, tsc, tscinvbit, aes, erms, clmul, clflush, clflushopt, hv

Memory: 4k page, system-wide physical 8015M (612M free)
TotalPageFile size 12111M (AvailPageFile size 5M)
current process WorkingSet (physical memory assigned to process): 160M, peak: 160M
current process commit charge ("private bytes"): 240M, peak: 241M

vm_info: OpenJDK 64-Bit Server VM (17+35-2724) for windows-amd64 JRE (17+35-2724), built on Aug  5 2021 23:26:02 by "mach5one" with MS VC++ 16.8 (VS2019)

END.
