#
# There is insufficient memory for the Java Runtime Environment to continue.
# Native memory allocation (mmap) failed to map 4096 bytes for G1 virtual space
# Possible reasons:
#   The system is out of physical RAM or swap space
#   The process is running with CompressedOops enabled, and the Java Heap may be blocking the growth of the native heap
# Possible solutions:
#   Reduce memory load on the system
#   Increase physical memory or swap space
#   Check if swap backing store is full
#   Decrease Java heap size (-Xmx/-Xms)
#   Decrease number of Java threads
#   Decrease Java thread stack sizes (-Xss)
#   Set larger code cache with -XX:ReservedCodeCacheSize=
#   JVM is running with Unscaled Compressed Oops mode in which the Java heap is
#     placed in the first 4GB address space. The Java Heap base address is the
#     maximum limit for the native heap growth. Please use -XX:HeapBaseMinAddress
#     to set the Java Heap base and to place the Java Heap above 4GB virtual address.
# This output file may be truncated or incomplete.
#
#  Out of Memory Error (os_windows.cpp:3469), pid=10004, tid=13584
#
# JRE version:  (17.0+35) (build )
# Java VM: OpenJDK 64-Bit Server VM (17+35-2724, mixed mode, sharing, tiered, compressed oops, compressed class ptrs, g1 gc, windows-amd64)
# No core dump will be written. Minidumps are not enabled by default on client versions of Windows
#

---------------  S U M M A R Y ------------

Command Line: -javaagent:C:\Program Files (x86)\JetBrains\IntelliJ IDEA Community Edition 2024.1.2\lib\idea_rt.jar=60608:C:\Program Files (x86)\JetBrains\IntelliJ IDEA Community Edition 2024.1.2\bin -Dfile.encoding=UTF-8 com.jimsimrodev.librosAPI.LibrosApiApplication

Host: Intel(R) Pentium(R) CPU 6405U @ 2.40GHz, 4 cores, 7G,  Windows 10 , 64 bit Build 22621 (10.0.22621.3672)
Time: Mon Jul  1 21:27:28 2024 Hora est. Pacífico, Sudamérica elapsed time: 0.110231 seconds (0d 0h 0m 0s)

---------------  T H R E A D  ---------------

Current thread (0x000002a0c2341580):  JavaThread "Unknown thread" [_thread_in_vm, id=13584, stack(0x000000cb15300000,0x000000cb15400000)]

Stack: [0x000000cb15300000,0x000000cb15400000]
Native frames: (J=compiled Java code, j=interpreted, Vv=VM code, C=native code)
V  [jvm.dll+0x66f8ea]
V  [jvm.dll+0x7ce224]
V  [jvm.dll+0x7cf9ce]
V  [jvm.dll+0x7d0033]
V  [jvm.dll+0x242bb5]
V  [jvm.dll+0x66c909]
V  [jvm.dll+0x6613d2]
V  [jvm.dll+0x30082b]
V  [jvm.dll+0x307f51]
V  [jvm.dll+0x357a5b]
V  [jvm.dll+0x357c3f]
V  [jvm.dll+0x2d7ae8]
V  [jvm.dll+0x2d8a54]
V  [jvm.dll+0x7a00a1]
V  [jvm.dll+0x365781]
V  [jvm.dll+0x77f59c]
V  [jvm.dll+0x3e805f]
V  [jvm.dll+0x3e9b01]
C  [jli.dll+0x527b]
C  [ucrtbase.dll+0x29333]
C  [KERNEL32.DLL+0x1257d]
C  [ntdll.dll+0x5af28]


---------------  P R O C E S S  ---------------

Threads class SMR info:
_java_thread_list=0x00007ffd9b907818, length=0, elements={
}

Java Threads: ( => current thread )

Other Threads:
  0x000002a0c237d2a0 GCTaskThread "GC Thread#0" [stack: 0x000000cb15400000,0x000000cb15500000] [id=12508]
  0x000002a0c238adc0 ConcurrentGCThread "G1 Main Marker" [stack: 0x000000cb15500000,0x000000cb15600000] [id=2780]
  0x000002a0c238be80 ConcurrentGCThread "G1 Conc#0" [stack: 0x000000cb15600000,0x000000cb15700000] [id=7792]

[error occurred during error reporting (printing all threads), id 0xc0000005, EXCEPTION_ACCESS_VIOLATION (0xc0000005) at pc=0x00007ffd9b1584c7]

VM state: not at safepoint (not fully initialized)

VM Mutex/Monitor currently owned by a thread:  ([mutex/lock_event])
[0x000002a0c233ccb0] Heap_lock - owner thread: 0x000002a0c2341580

Heap address: 0x0000000082c00000, size: 2004 MB, Compressed Oops mode: 32-bit

CDS archive(s) mapped at: [0x0000000000000000-0x0000000000000000-0x0000000000000000), size 0, SharedBaseAddress: 0x0000000800000000, ArchiveRelocationMode: 0.
Narrow klass base: 0x0000000000000000, Narrow klass shift: 0, Narrow klass range: 0x0

GC Precious Log:
<Empty>

Heap:
 garbage-first heap   total 0K, used 0K [0x0000000082c00000, 0x0000000100000000)
  region size 1024K, 0 young (0K), 0 survivors (0K)

[error occurred during error reporting (printing heap information), id 0xc0000005, EXCEPTION_ACCESS_VIOLATION (0xc0000005) at pc=0x00007ffd9b538c59]

GC Heap History (0 events):
No events

Deoptimization events (0 events):
No events

Classes unloaded (0 events):
No events

Classes redefined (0 events):
No events

Internal exceptions (0 events):
No events

VM Operations (0 events):
No events

Events (1 events):
Event: 0.021 Loaded shared library C:\Program Files\jdk-17\bin\java.dll


Dynamic libraries:
0x00007ff77edc0000 - 0x00007ff77edce000 	C:\Program Files\jdk-17\bin\java.exe
0x00007ffdee650000 - 0x00007ffdee867000 	C:\WINDOWS\SYSTEM32\ntdll.dll
0x00007ffdecdc0000 - 0x00007ffdece84000 	C:\WINDOWS\System32\KERNEL32.DLL
0x00007ffdeb980000 - 0x00007ffdebd2c000 	C:\WINDOWS\System32\KERNELBASE.dll
0x00007ffdebdd0000 - 0x00007ffdebee1000 	C:\WINDOWS\System32\ucrtbase.dll
0x00007ffdd5300000 - 0x00007ffdd531a000 	C:\Program Files\jdk-17\bin\VCRUNTIME140.dll
0x00007ffdd2e80000 - 0x00007ffdd2e98000 	C:\Program Files\jdk-17\bin\jli.dll
0x00007ffded910000 - 0x00007ffdedabe000 	C:\WINDOWS\System32\USER32.dll
0x00007ffdec2e0000 - 0x00007ffdec306000 	C:\WINDOWS\System32\win32u.dll
0x00007ffdd6910000 - 0x00007ffdd6ba3000 	C:\WINDOWS\WinSxS\amd64_microsoft.windows.common-controls_6595b64144ccf1df_6.0.22621.3672_none_2713b9d173822955\COMCTL32.dll
0x00007ffdee4e0000 - 0x00007ffdee509000 	C:\WINDOWS\System32\GDI32.dll
0x00007ffdedac0000 - 0x00007ffdedb67000 	C:\WINDOWS\System32\msvcrt.dll
0x00007ffdebef0000 - 0x00007ffdec009000 	C:\WINDOWS\System32\gdi32full.dll
0x00007ffdebd30000 - 0x00007ffdebdca000 	C:\WINDOWS\System32\msvcp_win.dll
0x00007ffded040000 - 0x00007ffded071000 	C:\WINDOWS\System32\IMM32.DLL
0x00007ffdd5180000 - 0x00007ffdd518c000 	C:\Program Files\jdk-17\bin\vcruntime140_1.dll
0x00007ffdc2450000 - 0x00007ffdc24dd000 	C:\Program Files\jdk-17\bin\msvcp140.dll
0x00007ffd9ae70000 - 0x00007ffd9ba2e000 	C:\Program Files\jdk-17\bin\server\jvm.dll
0x00007ffdecb70000 - 0x00007ffdecc22000 	C:\WINDOWS\System32\ADVAPI32.dll
0x00007ffdec390000 - 0x00007ffdec43a000 	C:\WINDOWS\System32\sechost.dll
0x00007ffdec2b0000 - 0x00007ffdec2d8000 	C:\WINDOWS\System32\bcrypt.dll
0x00007ffdec5a0000 - 0x00007ffdec6b5000 	C:\WINDOWS\System32\RPCRT4.dll
0x00007ffded900000 - 0x00007ffded908000 	C:\WINDOWS\System32\PSAPI.DLL
0x00007ffde8ce0000 - 0x00007ffde8ce9000 	C:\WINDOWS\SYSTEM32\WSOCK32.dll
0x00007ffdee380000 - 0x00007ffdee3f1000 	C:\WINDOWS\System32\WS2_32.dll
0x00007ffdd6040000 - 0x00007ffdd6074000 	C:\WINDOWS\SYSTEM32\WINMM.dll
0x00007ffdde4b0000 - 0x00007ffdde4ba000 	C:\WINDOWS\SYSTEM32\VERSION.dll
0x00007ffdea970000 - 0x00007ffdea988000 	C:\WINDOWS\SYSTEM32\kernel.appcore.dll
0x00007ffdd4180000 - 0x00007ffdd418a000 	C:\Program Files\jdk-17\bin\jimage.dll
0x00007ffde0260000 - 0x00007ffde0492000 	C:\WINDOWS\SYSTEM32\DBGHELP.DLL
0x00007ffdedbd0000 - 0x00007ffdedf58000 	C:\WINDOWS\System32\combase.dll
0x00007ffdee400000 - 0x00007ffdee4d7000 	C:\WINDOWS\System32\OLEAUT32.dll
0x00007ffddf100000 - 0x00007ffddf132000 	C:\WINDOWS\SYSTEM32\dbgcore.DLL
0x00007ffdec310000 - 0x00007ffdec38b000 	C:\WINDOWS\System32\bcryptPrimitives.dll
0x00007ffdd3010000 - 0x00007ffdd301e000 	C:\Program Files\jdk-17\bin\instrument.dll
0x00007ffdcedd0000 - 0x00007ffdcedf5000 	C:\Program Files\jdk-17\bin\java.dll

dbghelp: loaded successfully - version: 4.0.5 - missing functions: none
symbol engine: initialized successfully - sym options: 0x614 - pdb path: .;C:\Program Files\jdk-17\bin;C:\WINDOWS\SYSTEM32;C:\WINDOWS\WinSxS\amd64_microsoft.windows.common-controls_6595b64144ccf1df_6.0.22621.3672_none_2713b9d173822955;C:\Program Files\jdk-17\bin\server

VM Arguments:
jvm_args: -javaagent:C:\Program Files (x86)\JetBrains\IntelliJ IDEA Community Edition 2024.1.2\lib\idea_rt.jar=60608:C:\Program Files (x86)\JetBrains\IntelliJ IDEA Community Edition 2024.1.2\bin -Dfile.encoding=UTF-8 
java_command: com.jimsimrodev.librosAPI.LibrosApiApplication
java_class_path (initial): D:\work\librosAPI\target\classes;C:\Users\jhoan\.m2\repository\org\springframework\boot\spring-boot-starter-data-jpa\3.3.1\spring-boot-starter-data-jpa-3.3.1.jar;C:\Users\jhoan\.m2\repository\org\springframework\boot\spring-boot-starter-aop\3.3.1\spring-boot-starter-aop-3.3.1.jar;C:\Users\jhoan\.m2\repository\org\springframework\spring-aop\6.1.10\spring-aop-6.1.10.jar;C:\Users\jhoan\.m2\repository\org\aspectj\aspectjweaver\1.9.22\aspectjweaver-1.9.22.jar;C:\Users\jhoan\.m2\repository\org\springframework\boot\spring-boot-starter-jdbc\3.3.1\spring-boot-starter-jdbc-3.3.1.jar;C:\Users\jhoan\.m2\repository\com\zaxxer\HikariCP\5.1.0\HikariCP-5.1.0.jar;C:\Users\jhoan\.m2\repository\org\springframework\spring-jdbc\6.1.10\spring-jdbc-6.1.10.jar;C:\Users\jhoan\.m2\repository\org\hibernate\orm\hibernate-core\6.5.2.Final\hibernate-core-6.5.2.Final.jar;C:\Users\jhoan\.m2\repository\jakarta\persistence\jakarta.persistence-api\3.1.0\jakarta.persistence-api-3.1.0.jar;C:\Users\jhoan\.m2\repository\jakarta\transaction\jakarta.transaction-api\2.0.1\jakarta.transaction-api-2.0.1.jar;C:\Users\jhoan\.m2\repository\org\jboss\logging\jboss-logging\3.5.3.Final\jboss-logging-3.5.3.Final.jar;C:\Users\jhoan\.m2\repository\org\hibernate\common\hibernate-commons-annotations\6.0.6.Final\hibernate-commons-annotations-6.0.6.Final.jar;C:\Users\jhoan\.m2\repository\io\smallrye\jandex\3.1.2\jandex-3.1.2.jar;C:\Users\jhoan\.m2\repository\com\fasterxml\classmate\1.7.0\classmate-1.7.0.jar;C:\Users\jhoan\.m2\repository\net\bytebuddy\byte-buddy\1.14.17\byte-buddy-1.14.17.jar;C:\Users\jhoan\.m2\repository\org\glassfish\jaxb\jaxb-runtime\4.0.5\jaxb-runtime-4.0.5.jar;C:\Users\jhoan\.m2\repository\org\glassfish\jaxb\jaxb-core\4.0.5\jaxb-core-4.0.5.jar;C:\Users\jhoan\.m2\repository\org\eclipse\angus\angus-activation\2.0.2\angus-activation-2.0.2.jar;C:\Users\jhoan\.m2\repository\org\glassfish\jaxb\txw2\4.0.5\txw2-4.0.5.jar;C:\Users\jhoan\.m2\repository\com\sun\istack\istack-commons-
Launcher Type: SUN_STANDARD

[Global flags]
     intx CICompilerCount                          = 3                                         {product} {ergonomic}
     uint ConcGCThreads                            = 1                                         {product} {ergonomic}
     uint G1ConcRefinementThreads                  = 4                                         {product} {ergonomic}
   size_t G1HeapRegionSize                         = 1048576                                   {product} {ergonomic}
    uintx GCDrainStackTargetSize                   = 64                                        {product} {ergonomic}
   size_t InitialHeapSize                          = 132120576                                 {product} {ergonomic}
   size_t MarkStackSize                            = 4194304                                   {product} {ergonomic}
   size_t MaxHeapSize                              = 2101346304                                {product} {ergonomic}
   size_t MinHeapDeltaBytes                        = 1048576                                   {product} {ergonomic}
   size_t MinHeapSize                              = 8388608                                   {product} {ergonomic}
    uintx NonNMethodCodeHeapSize                   = 5832780                                {pd product} {ergonomic}
    uintx NonProfiledCodeHeapSize                  = 122912730                              {pd product} {ergonomic}
    uintx ProfiledCodeHeapSize                     = 122912730                              {pd product} {ergonomic}
    uintx ReservedCodeCacheSize                    = 251658240                              {pd product} {ergonomic}
     bool SegmentedCodeCache                       = true                                      {product} {ergonomic}
   size_t SoftMaxHeapSize                          = 2101346304                             {manageable} {ergonomic}
     bool UseCompressedClassPointers               = true                           {product lp64_product} {ergonomic}
     bool UseCompressedOops                        = true                           {product lp64_product} {ergonomic}
     bool UseG1GC                                  = true                                      {product} {ergonomic}
     bool UseLargePagesIndividualAllocation        = false                                  {pd product} {ergonomic}

Logging:
Log output configuration:
 #0: stdout all=warning uptime,level,tags
 #1: stderr all=off uptime,level,tags

Environment Variables:
JAVA_HOME=C:\Program Files\jdk-17
PATH=C:\WINDOWS\system32;C:\WINDOWS;C:\WINDOWS\System32\Wbem;C:\WINDOWS\System32\WindowsPowerShell\v1.0\;C:\WINDOWS\System32\OpenSSH\;C:\Program Files\jdk-17\bin;C:\Program Files\WezTerm;C:\xampp\php;C:\ProgramData\ComposerSetup\bin;C:\Program Files\Git\cmd;C:\Program Files\nodejs\;C:\Program Files\MySQL\MySQL Shell 8.0\bin\;C:\Users\jhoan\AppData\Local\Microsoft\WindowsApps;C:\Users\jhoan\AppData\Local\Programs\Microsoft VS Code\bin;C:\Users\jhoan\AppData\Local\Programs\oh-my-posh\bin;C:\Users\jhoan\AppData\Local\Microsoft\WinGet\Packages\Schniz.fnm_Microsoft.Winget.Source_8wekyb3d8bbwe;C:\Users\jhoan\AppData\Roaming\Composer\vendor\bin;C:\Users\jhoan\AppData\Roaming\npm
USERNAME=jhoan
OS=Windows_NT
PROCESSOR_IDENTIFIER=Intel64 Family 6 Model 142 Stepping 12, GenuineIntel



---------------  S Y S T E M  ---------------

OS:
 Windows 10 , 64 bit Build 22621 (10.0.22621.3672)
OS uptime: 0 days 14:49 hours
Hyper-V role detected

CPU: total 4 (initial active 4) (2 cores per cpu, 2 threads per core) family 6 model 142 stepping 12 microcode 0xf8, cx8, cmov, fxsr, ht, mmx, 3dnowpref, sse, sse2, sse3, ssse3, sse4.1, sse4.2, popcnt, lzcnt, tsc, tscinvbit, aes, erms, clmul, clflush, clflushopt, hv

Memory: 4k page, system-wide physical 8015M (986M free)
TotalPageFile size 12111M (AvailPageFile size 1M)
current process WorkingSet (physical memory assigned to process): 11M, peak: 11M
current process commit charge ("private bytes"): 182M, peak: 182M

vm_info: OpenJDK 64-Bit Server VM (17+35-2724) for windows-amd64 JRE (17+35-2724), built on Aug  5 2021 23:26:02 by "mach5one" with MS VC++ 16.8 (VS2019)

END.
